2022-08-29 09:31:47,601 INFO org.hibernate.validator.internal.util.Version [background-preinit] HV000001: Hibernate Validator 6.2.0.Final
2022-08-29 09:31:47,618 INFO org.springframework.boot.StartupInfoLogger [main] Starting SummitBootcampApplication using Java 11.0.16 on lnb028469cps with PID 3634088 (/home/vbotelho/Documentos/projetosEclipse/Projeto-MyMusic/projetct-myMusic-toTal/MyMusic/target/classes started by CIANDT\vbotelho in /home/vbotelho/Documentos/projetosEclipse/Projeto-MyMusic/projetct-myMusic-toTal/MyMusic)
2022-08-29 09:31:47,620 INFO org.springframework.boot.SpringApplication [main] No active profile set, falling back to default profiles: default
2022-08-29 09:31:48,683 INFO org.springframework.data.repository.config.RepositoryConfigurationDelegate [main] Bootstrapping Spring Data JPA repositories in DEFAULT mode.
2022-08-29 09:31:48,749 INFO org.springframework.data.repository.config.RepositoryConfigurationDelegate [main] Finished Spring Data repository scanning in 52 ms. Found 1 JPA repository interfaces.
2022-08-29 09:31:49,443 INFO org.springframework.boot.web.embedded.tomcat.TomcatWebServer [main] Tomcat initialized with port(s): 8080 (http)
2022-08-29 09:31:49,459 INFO org.apache.juli.logging.DirectJDKLog [main] Initializing ProtocolHandler ["http-nio-8080"]
2022-08-29 09:31:49,460 INFO org.apache.juli.logging.DirectJDKLog [main] Starting service [Tomcat]
2022-08-29 09:31:49,461 INFO org.apache.juli.logging.DirectJDKLog [main] Starting Servlet engine: [Apache Tomcat/9.0.56]
2022-08-29 09:31:49,552 INFO org.apache.juli.logging.DirectJDKLog [main] Initializing Spring embedded WebApplicationContext
2022-08-29 09:31:49,553 INFO org.springframework.boot.web.servlet.context.ServletWebServerApplicationContext [main] Root WebApplicationContext: initialization completed in 1874 ms
2022-08-29 09:31:49,674 INFO org.hibernate.jpa.internal.util.LogHelper [main] HHH000204: Processing PersistenceUnitInfo [name: default]
2022-08-29 09:31:49,780 INFO org.hibernate.Version [main] HHH000412: Hibernate ORM core version 5.6.4.Final
2022-08-29 09:31:49,965 INFO org.hibernate.annotations.common.reflection.java.JavaReflectionManager [main] HCANN000001: Hibernate Commons Annotations {5.1.2.Final}
2022-08-29 09:31:50,047 INFO org.hibernate.dialect.Dialect [main] HHH000400: Using dialect: org.hibernate.dialect.SQLiteDialect
2022-08-29 09:31:50,782 INFO org.hibernate.engine.transaction.jta.platform.internal.JtaPlatformInitiator [main] HHH000490: Using JtaPlatform implementation: [org.hibernate.engine.transaction.jta.platform.internal.NoJtaPlatform]
2022-08-29 09:31:50,791 INFO org.springframework.orm.jpa.AbstractEntityManagerFactoryBean [main] Initialized JPA EntityManagerFactory for persistence unit 'default'
2022-08-29 09:31:51,533 WARN org.springframework.boot.autoconfigure.orm.jpa.JpaBaseConfiguration$JpaWebConfiguration [main] spring.jpa.open-in-view is enabled by default. Therefore, database queries may be performed during view rendering. Explicitly configure spring.jpa.open-in-view to disable this warning
2022-08-29 09:31:51,768 INFO springfox.documentation.spring.web.PropertySourcedRequestMappingHandlerMapping [main] Mapped URL path [/v2/api-docs] onto method [springfox.documentation.swagger2.web.Swagger2Controller#getDocumentation(String, HttpServletRequest)]
2022-08-29 09:31:52,314 INFO org.apache.juli.logging.DirectJDKLog [main] Starting ProtocolHandler ["http-nio-8080"]
2022-08-29 09:31:52,343 INFO org.springframework.boot.web.embedded.tomcat.TomcatWebServer [main] Tomcat started on port(s): 8080 (http) with context path ''
2022-08-29 09:31:52,346 INFO springfox.documentation.spring.web.plugins.DocumentationPluginsBootstrapper [main] Context refreshed
2022-08-29 09:31:52,386 INFO springfox.documentation.spring.web.plugins.DocumentationPluginsBootstrapper [main] Found 1 custom documentation plugin(s)
2022-08-29 09:31:52,431 INFO springfox.documentation.spring.web.scanners.ApiListingReferenceScanner [main] Scanning for api listing references
2022-08-29 09:31:52,711 INFO org.springframework.boot.StartupInfoLogger [main] Started SummitBootcampApplication in 5.78 seconds (JVM running for 6.339)
2022-08-29 09:32:05,103 INFO org.apache.juli.logging.DirectJDKLog [http-nio-8080-exec-2] Initializing Spring DispatcherServlet 'dispatcherServlet'
2022-08-29 09:32:05,104 INFO org.springframework.web.servlet.FrameworkServlet [http-nio-8080-exec-2] Initializing Servlet 'dispatcherServlet'
2022-08-29 09:32:05,106 INFO org.springframework.web.servlet.FrameworkServlet [http-nio-8080-exec-2] Completed initialization in 2 ms
2022-08-29 09:32:05,139 INFO com.ciandt.summit.bootcamp2022.controllers.MusicController [http-nio-8080-exec-2] Returning the music list
2022-08-29 09:32:05,157 INFO com.ciandt.summit.bootcamp2022.services.impl.MusicServiceImpl [http-nio-8080-exec-2] name is null or is empty
2022-08-29 09:41:01,264 INFO org.springframework.orm.jpa.AbstractEntityManagerFactoryBean [SpringApplicationShutdownHook] Closing JPA EntityManagerFactory for persistence unit 'default'
2022-08-29 09:41:05,113 INFO org.springframework.boot.StartupInfoLogger [main] Starting SummitBootcampApplication using Java 11.0.16 on lnb028469cps with PID 3635510 (/home/vbotelho/Documentos/projetosEclipse/Projeto-MyMusic/projetct-myMusic-toTal/MyMusic/target/classes started by CIANDT\vbotelho in /home/vbotelho/Documentos/projetosEclipse/Projeto-MyMusic/projetct-myMusic-toTal/MyMusic)
2022-08-29 09:41:05,117 INFO org.springframework.boot.SpringApplication [main] No active profile set, falling back to default profiles: default
2022-08-29 09:41:05,119 INFO org.hibernate.validator.internal.util.Version [background-preinit] HV000001: Hibernate Validator 6.2.0.Final
2022-08-29 09:41:06,030 INFO org.springframework.data.repository.config.RepositoryConfigurationDelegate [main] Bootstrapping Spring Data JPA repositories in DEFAULT mode.
2022-08-29 09:41:06,081 INFO org.springframework.data.repository.config.RepositoryConfigurationDelegate [main] Finished Spring Data repository scanning in 41 ms. Found 1 JPA repository interfaces.
2022-08-29 09:41:06,723 INFO org.springframework.boot.web.embedded.tomcat.TomcatWebServer [main] Tomcat initialized with port(s): 8080 (http)
2022-08-29 09:41:06,734 INFO org.apache.juli.logging.DirectJDKLog [main] Initializing ProtocolHandler ["http-nio-8080"]
2022-08-29 09:41:06,735 INFO org.apache.juli.logging.DirectJDKLog [main] Starting service [Tomcat]
2022-08-29 09:41:06,735 INFO org.apache.juli.logging.DirectJDKLog [main] Starting Servlet engine: [Apache Tomcat/9.0.56]
2022-08-29 09:41:06,804 INFO org.apache.juli.logging.DirectJDKLog [main] Initializing Spring embedded WebApplicationContext
2022-08-29 09:41:06,805 INFO org.springframework.boot.web.servlet.context.ServletWebServerApplicationContext [main] Root WebApplicationContext: initialization completed in 1629 ms
2022-08-29 09:41:06,907 INFO org.hibernate.jpa.internal.util.LogHelper [main] HHH000204: Processing PersistenceUnitInfo [name: default]
2022-08-29 09:41:06,975 INFO org.hibernate.Version [main] HHH000412: Hibernate ORM core version 5.6.4.Final
2022-08-29 09:41:07,122 INFO org.hibernate.annotations.common.reflection.java.JavaReflectionManager [main] HCANN000001: Hibernate Commons Annotations {5.1.2.Final}
2022-08-29 09:41:07,202 INFO org.hibernate.dialect.Dialect [main] HHH000400: Using dialect: org.hibernate.dialect.SQLiteDialect
2022-08-29 09:41:07,904 INFO org.hibernate.engine.transaction.jta.platform.internal.JtaPlatformInitiator [main] HHH000490: Using JtaPlatform implementation: [org.hibernate.engine.transaction.jta.platform.internal.NoJtaPlatform]
2022-08-29 09:41:07,913 INFO org.springframework.orm.jpa.AbstractEntityManagerFactoryBean [main] Initialized JPA EntityManagerFactory for persistence unit 'default'
2022-08-29 09:41:08,588 WARN org.springframework.boot.autoconfigure.orm.jpa.JpaBaseConfiguration$JpaWebConfiguration [main] spring.jpa.open-in-view is enabled by default. Therefore, database queries may be performed during view rendering. Explicitly configure spring.jpa.open-in-view to disable this warning
2022-08-29 09:41:08,724 INFO springfox.documentation.spring.web.PropertySourcedRequestMappingHandlerMapping [main] Mapped URL path [/v2/api-docs] onto method [springfox.documentation.swagger2.web.Swagger2Controller#getDocumentation(String, HttpServletRequest)]
2022-08-29 09:41:09,068 INFO org.apache.juli.logging.DirectJDKLog [main] Starting ProtocolHandler ["http-nio-8080"]
2022-08-29 09:41:09,083 INFO org.springframework.boot.web.embedded.tomcat.TomcatWebServer [main] Tomcat started on port(s): 8080 (http) with context path ''
2022-08-29 09:41:09,085 INFO springfox.documentation.spring.web.plugins.DocumentationPluginsBootstrapper [main] Context refreshed
2022-08-29 09:41:09,112 INFO springfox.documentation.spring.web.plugins.DocumentationPluginsBootstrapper [main] Found 1 custom documentation plugin(s)
2022-08-29 09:41:09,148 INFO springfox.documentation.spring.web.scanners.ApiListingReferenceScanner [main] Scanning for api listing references
2022-08-29 09:41:09,373 INFO org.springframework.boot.StartupInfoLogger [main] Started SummitBootcampApplication in 4.869 seconds (JVM running for 5.326)
2022-08-29 09:41:19,012 INFO org.apache.juli.logging.DirectJDKLog [http-nio-8080-exec-1] Initializing Spring DispatcherServlet 'dispatcherServlet'
2022-08-29 09:41:19,013 INFO org.springframework.web.servlet.FrameworkServlet [http-nio-8080-exec-1] Initializing Servlet 'dispatcherServlet'
2022-08-29 09:41:19,015 INFO org.springframework.web.servlet.FrameworkServlet [http-nio-8080-exec-1] Completed initialization in 2 ms
2022-08-29 09:41:19,048 INFO com.ciandt.summit.bootcamp2022.controllers.MusicController [http-nio-8080-exec-1] Searching musics list
2022-08-29 09:41:19,061 INFO com.ciandt.summit.bootcamp2022.services.impl.MusicServiceImpl [http-nio-8080-exec-1] name is null or is empty
2022-08-29 09:41:20,164 INFO com.ciandt.summit.bootcamp2022.controllers.MusicController [http-nio-8080-exec-1] Returning the musics list
2022-08-29 09:41:23,755 INFO com.ciandt.summit.bootcamp2022.controllers.MusicController [http-nio-8080-exec-3] Searching musics list
2022-08-29 09:41:23,755 INFO com.ciandt.summit.bootcamp2022.services.impl.MusicServiceImpl [http-nio-8080-exec-3] name is null or is empty
2022-08-29 09:41:24,226 INFO com.ciandt.summit.bootcamp2022.controllers.MusicController [http-nio-8080-exec-3] Returning the musics list
2022-08-29 09:41:31,886 INFO com.ciandt.summit.bootcamp2022.controllers.MusicController [http-nio-8080-exec-4] Searching musics list
2022-08-29 09:41:31,887 WARN com.ciandt.summit.bootcamp2022.services.impl.MusicServiceImpl [http-nio-8080-exec-4] name less than 2 characters
2022-08-29 09:41:40,804 INFO com.ciandt.summit.bootcamp2022.controllers.MusicController [http-nio-8080-exec-6] Searching musics list
2022-08-29 09:41:40,861 WARN com.ciandt.summit.bootcamp2022.services.impl.MusicServiceImpl [http-nio-8080-exec-6] empty music list
2022-08-29 09:42:00,851 INFO com.ciandt.summit.bootcamp2022.controllers.MusicController [http-nio-8080-exec-7] Searching musics list
2022-08-29 09:42:00,852 INFO com.ciandt.summit.bootcamp2022.services.impl.MusicServiceImpl [http-nio-8080-exec-7] name is null or is empty
2022-08-29 09:42:01,219 INFO com.ciandt.summit.bootcamp2022.controllers.MusicController [http-nio-8080-exec-7] Returning the musics list
2022-08-29 09:42:34,373 INFO org.springframework.orm.jpa.AbstractEntityManagerFactoryBean [SpringApplicationShutdownHook] Closing JPA EntityManagerFactory for persistence unit 'default'
