2022-09-07 19:11:25,624 INFO org.springframework.orm.jpa.AbstractEntityManagerFactoryBean [SpringApplicationShutdownHook] Closing JPA EntityManagerFactory for persistence unit 'default'
2022-09-07 19:16:21,756 INFO org.hibernate.validator.internal.util.Version [background-preinit] HV000001: Hibernate Validator 6.2.0.Final
2022-09-07 19:16:21,774 INFO org.springframework.boot.StartupInfoLogger [main] Starting SummitBootcampApplication using Java 11.0.16 on lnb028469cps with PID 853728 (/home/vbotelho/Documentos/projetosEclipse/Projeto-MyMusic/projetct-myMusic-toTal/MyMusic/target/classes started by CIANDT\vbotelho in /home/vbotelho/Documentos/projetosEclipse/Projeto-MyMusic/projetct-myMusic-toTal/MyMusic)
2022-09-07 19:16:21,779 INFO org.springframework.boot.SpringApplication [main] No active profile set, falling back to default profiles: default
2022-09-07 19:16:23,018 INFO org.springframework.data.repository.config.RepositoryConfigurationDelegate [main] Bootstrapping Spring Data JPA repositories in DEFAULT mode.
2022-09-07 19:16:23,122 INFO org.springframework.data.repository.config.RepositoryConfigurationDelegate [main] Finished Spring Data repository scanning in 84 ms. Found 2 JPA repository interfaces.
2022-09-07 19:16:24,141 INFO org.springframework.boot.web.embedded.tomcat.TomcatWebServer [main] Tomcat initialized with port(s): 8080 (http)
2022-09-07 19:16:24,151 INFO org.apache.juli.logging.DirectJDKLog [main] Initializing ProtocolHandler ["http-nio-8080"]
2022-09-07 19:16:24,152 INFO org.apache.juli.logging.DirectJDKLog [main] Starting service [Tomcat]
2022-09-07 19:16:24,153 INFO org.apache.juli.logging.DirectJDKLog [main] Starting Servlet engine: [Apache Tomcat/9.0.56]
2022-09-07 19:16:24,250 INFO org.apache.juli.logging.DirectJDKLog [main] Initializing Spring embedded WebApplicationContext
2022-09-07 19:16:24,250 INFO org.springframework.boot.web.servlet.context.ServletWebServerApplicationContext [main] Root WebApplicationContext: initialization completed in 2387 ms
2022-09-07 19:16:24,422 INFO org.hibernate.jpa.internal.util.LogHelper [main] HHH000204: Processing PersistenceUnitInfo [name: default]
2022-09-07 19:16:24,532 INFO org.hibernate.Version [main] HHH000412: Hibernate ORM core version 5.6.4.Final
2022-09-07 19:16:24,738 INFO org.hibernate.annotations.common.reflection.java.JavaReflectionManager [main] HCANN000001: Hibernate Commons Annotations {5.1.2.Final}
2022-09-07 19:16:24,828 INFO org.hibernate.dialect.Dialect [main] HHH000400: Using dialect: org.hibernate.dialect.SQLiteDialect
2022-09-07 19:16:25,775 INFO org.hibernate.engine.transaction.jta.platform.internal.JtaPlatformInitiator [main] HHH000490: Using JtaPlatform implementation: [org.hibernate.engine.transaction.jta.platform.internal.NoJtaPlatform]
2022-09-07 19:16:25,786 INFO org.springframework.orm.jpa.AbstractEntityManagerFactoryBean [main] Initialized JPA EntityManagerFactory for persistence unit 'default'
2022-09-07 19:16:26,696 WARN org.springframework.boot.autoconfigure.orm.jpa.JpaBaseConfiguration$JpaWebConfiguration [main] spring.jpa.open-in-view is enabled by default. Therefore, database queries may be performed during view rendering. Explicitly configure spring.jpa.open-in-view to disable this warning
2022-09-07 19:16:26,932 INFO springfox.documentation.spring.web.PropertySourcedRequestMappingHandlerMapping [main] Mapped URL path [/v2/api-docs] onto method [springfox.documentation.swagger2.web.Swagger2Controller#getDocumentation(String, HttpServletRequest)]
2022-09-07 19:16:27,412 INFO org.apache.juli.logging.DirectJDKLog [main] Starting ProtocolHandler ["http-nio-8080"]
2022-09-07 19:16:27,436 INFO org.springframework.boot.web.embedded.tomcat.TomcatWebServer [main] Tomcat started on port(s): 8080 (http) with context path ''
2022-09-07 19:16:27,438 INFO springfox.documentation.spring.web.plugins.DocumentationPluginsBootstrapper [main] Context refreshed
2022-09-07 19:16:27,472 INFO springfox.documentation.spring.web.plugins.DocumentationPluginsBootstrapper [main] Found 1 custom documentation plugin(s)
2022-09-07 19:16:27,523 INFO springfox.documentation.spring.web.scanners.ApiListingReferenceScanner [main] Scanning for api listing references
2022-09-07 19:16:27,713 INFO org.springframework.boot.StartupInfoLogger [main] Started SummitBootcampApplication in 6.655 seconds (JVM running for 7.205)
2022-09-07 19:23:03,645 INFO org.apache.juli.logging.DirectJDKLog [http-nio-8080-exec-2] Initializing Spring DispatcherServlet 'dispatcherServlet'
2022-09-07 19:23:03,651 INFO org.springframework.web.servlet.FrameworkServlet [http-nio-8080-exec-2] Initializing Servlet 'dispatcherServlet'
2022-09-07 19:23:03,654 INFO org.springframework.web.servlet.FrameworkServlet [http-nio-8080-exec-2] Completed initialization in 3 ms
2022-09-07 19:23:03,681 INFO com.ciandt.summit.bootcamp2022.config.interceptor.TokenInterceptor [http-nio-8080-exec-2] TokenInterceptor - Pre Handle initialized
2022-09-07 19:23:03,681 INFO com.ciandt.summit.bootcamp2022.config.interceptor.TokenInterceptor [http-nio-8080-exec-2] Setting the name in the header = Vitor
2022-09-07 19:23:03,682 INFO com.ciandt.summit.bootcamp2022.config.interceptor.TokenInterceptor [http-nio-8080-exec-2] Setting the token in the header = GS7tmuCe4IIkN6+r9fEQpoIESY3TeAJOAPbzK/WqcBUDm5Pipggp2mLeTtXQcwCY
2022-09-07 19:23:03,701 INFO com.ciandt.summit.bootcamp2022.config.interceptor.TokenInterceptor [http-nio-8080-exec-2] Request to the authentication endpoint
2022-09-07 19:23:03,912 INFO com.ciandt.summit.bootcamp2022.services.impl.MusicServiceImpl [http-nio-8080-exec-2] searching music by id = 4745ead3-ef38-4783-abc9-87039e2c753e
2022-09-07 19:23:04,081 INFO com.ciandt.summit.bootcamp2022.services.impl.PlayListServiceImpl [http-nio-8080-exec-2] searching playlist by id = 654bbc71-3a9c-4434-a95d-4208f713e586
2022-09-07 19:25:44,024 INFO org.springframework.orm.jpa.AbstractEntityManagerFactoryBean [SpringApplicationShutdownHook] Closing JPA EntityManagerFactory for persistence unit 'default'
2022-09-07 19:25:48,215 INFO org.springframework.boot.StartupInfoLogger [main] Starting SummitBootcampApplication using Java 11.0.16 on lnb028469cps with PID 856109 (/home/vbotelho/Documentos/projetosEclipse/Projeto-MyMusic/projetct-myMusic-toTal/MyMusic/target/classes started by CIANDT\vbotelho in /home/vbotelho/Documentos/projetosEclipse/Projeto-MyMusic/projetct-myMusic-toTal/MyMusic)
2022-09-07 19:25:48,215 INFO org.hibernate.validator.internal.util.Version [background-preinit] HV000001: Hibernate Validator 6.2.0.Final
2022-09-07 19:25:48,219 INFO org.springframework.boot.SpringApplication [main] No active profile set, falling back to default profiles: default
2022-09-07 19:25:49,161 INFO org.springframework.data.repository.config.RepositoryConfigurationDelegate [main] Bootstrapping Spring Data JPA repositories in DEFAULT mode.
2022-09-07 19:25:49,231 INFO org.springframework.data.repository.config.RepositoryConfigurationDelegate [main] Finished Spring Data repository scanning in 58 ms. Found 2 JPA repository interfaces.
2022-09-07 19:25:49,847 INFO org.springframework.boot.web.embedded.tomcat.TomcatWebServer [main] Tomcat initialized with port(s): 8080 (http)
2022-09-07 19:25:49,857 INFO org.apache.juli.logging.DirectJDKLog [main] Initializing ProtocolHandler ["http-nio-8080"]
2022-09-07 19:25:49,857 INFO org.apache.juli.logging.DirectJDKLog [main] Starting service [Tomcat]
2022-09-07 19:25:49,857 INFO org.apache.juli.logging.DirectJDKLog [main] Starting Servlet engine: [Apache Tomcat/9.0.56]
2022-09-07 19:25:49,921 INFO org.apache.juli.logging.DirectJDKLog [main] Initializing Spring embedded WebApplicationContext
2022-09-07 19:25:49,922 INFO org.springframework.boot.web.servlet.context.ServletWebServerApplicationContext [main] Root WebApplicationContext: initialization completed in 1630 ms
2022-09-07 19:25:50,033 INFO org.hibernate.jpa.internal.util.LogHelper [main] HHH000204: Processing PersistenceUnitInfo [name: default]
2022-09-07 19:25:50,136 INFO org.hibernate.Version [main] HHH000412: Hibernate ORM core version 5.6.4.Final
2022-09-07 19:25:50,271 INFO org.hibernate.annotations.common.reflection.java.JavaReflectionManager [main] HCANN000001: Hibernate Commons Annotations {5.1.2.Final}
2022-09-07 19:25:50,338 INFO org.hibernate.dialect.Dialect [main] HHH000400: Using dialect: org.hibernate.dialect.SQLiteDialect
2022-09-07 19:25:51,036 INFO org.hibernate.engine.transaction.jta.platform.internal.JtaPlatformInitiator [main] HHH000490: Using JtaPlatform implementation: [org.hibernate.engine.transaction.jta.platform.internal.NoJtaPlatform]
2022-09-07 19:25:51,044 INFO org.springframework.orm.jpa.AbstractEntityManagerFactoryBean [main] Initialized JPA EntityManagerFactory for persistence unit 'default'
2022-09-07 19:25:51,735 WARN org.springframework.boot.autoconfigure.orm.jpa.JpaBaseConfiguration$JpaWebConfiguration [main] spring.jpa.open-in-view is enabled by default. Therefore, database queries may be performed during view rendering. Explicitly configure spring.jpa.open-in-view to disable this warning
2022-09-07 19:25:51,875 INFO springfox.documentation.spring.web.PropertySourcedRequestMappingHandlerMapping [main] Mapped URL path [/v2/api-docs] onto method [springfox.documentation.swagger2.web.Swagger2Controller#getDocumentation(String, HttpServletRequest)]
2022-09-07 19:25:52,159 INFO org.apache.juli.logging.DirectJDKLog [main] Starting ProtocolHandler ["http-nio-8080"]
2022-09-07 19:25:52,172 INFO org.springframework.boot.web.embedded.tomcat.TomcatWebServer [main] Tomcat started on port(s): 8080 (http) with context path ''
2022-09-07 19:25:52,173 INFO springfox.documentation.spring.web.plugins.DocumentationPluginsBootstrapper [main] Context refreshed
2022-09-07 19:25:52,190 INFO springfox.documentation.spring.web.plugins.DocumentationPluginsBootstrapper [main] Found 1 custom documentation plugin(s)
2022-09-07 19:25:52,212 INFO springfox.documentation.spring.web.scanners.ApiListingReferenceScanner [main] Scanning for api listing references
2022-09-07 19:25:52,334 INFO org.springframework.boot.StartupInfoLogger [main] Started SummitBootcampApplication in 4.7 seconds (JVM running for 5.156)
2022-09-07 19:25:59,210 INFO org.apache.juli.logging.DirectJDKLog [http-nio-8080-exec-1] Initializing Spring DispatcherServlet 'dispatcherServlet'
2022-09-07 19:25:59,211 INFO org.springframework.web.servlet.FrameworkServlet [http-nio-8080-exec-1] Initializing Servlet 'dispatcherServlet'
2022-09-07 19:25:59,212 INFO org.springframework.web.servlet.FrameworkServlet [http-nio-8080-exec-1] Completed initialization in 1 ms
2022-09-07 19:25:59,229 INFO com.ciandt.summit.bootcamp2022.config.interceptor.TokenInterceptor [http-nio-8080-exec-1] TokenInterceptor - Pre Handle initialized
2022-09-07 19:25:59,230 INFO com.ciandt.summit.bootcamp2022.config.interceptor.TokenInterceptor [http-nio-8080-exec-1] Setting the name in the header = Vitor
2022-09-07 19:25:59,230 INFO com.ciandt.summit.bootcamp2022.config.interceptor.TokenInterceptor [http-nio-8080-exec-1] Setting the token in the header = GS7tmuCe4IIkN6+r9fEQpoIESY3TeAJOAPbzK/WqcBUDm5Pipggp2mLeTtXQcwCY
2022-09-07 19:25:59,246 INFO com.ciandt.summit.bootcamp2022.config.interceptor.TokenInterceptor [http-nio-8080-exec-1] Request to the authentication endpoint
2022-09-07 19:25:59,368 INFO com.ciandt.summit.bootcamp2022.services.impl.MusicServiceImpl [http-nio-8080-exec-1] searching music by id = 4745ead3-ef38-4783-abc9-87039e2c753e
2022-09-07 19:25:59,437 INFO com.ciandt.summit.bootcamp2022.services.impl.PlayListServiceImpl [http-nio-8080-exec-1] searching playlist by id = 654bbc71-3a9c-4434-a95d-4208f713e586
2022-09-07 19:29:53,534 INFO org.springframework.orm.jpa.AbstractEntityManagerFactoryBean [SpringApplicationShutdownHook] Closing JPA EntityManagerFactory for persistence unit 'default'
2022-09-07 19:30:24,155 INFO org.springframework.boot.StartupInfoLogger [main] Starting MusicRepositoryTest using Java 11.0.16 on lnb028469cps with PID 856905 (started by CIANDT\vbotelho in /home/vbotelho/Documentos/projetosEclipse/Projeto-MyMusic/projetct-myMusic-toTal/MyMusic)
2022-09-07 19:30:24,157 INFO org.springframework.boot.SpringApplication [main] No active profile set, falling back to default profiles: default
2022-09-07 19:30:24,168 INFO org.hibernate.validator.internal.util.Version [background-preinit] HV000001: Hibernate Validator 6.2.0.Final
2022-09-07 19:30:25,115 INFO org.springframework.data.repository.config.RepositoryConfigurationDelegate [main] Bootstrapping Spring Data JPA repositories in DEFAULT mode.
2022-09-07 19:30:25,170 INFO org.springframework.data.repository.config.RepositoryConfigurationDelegate [main] Finished Spring Data repository scanning in 45 ms. Found 2 JPA repository interfaces.
2022-09-07 19:30:25,759 INFO org.hibernate.jpa.internal.util.LogHelper [main] HHH000204: Processing PersistenceUnitInfo [name: default]
2022-09-07 19:30:25,807 INFO org.hibernate.Version [main] HHH000412: Hibernate ORM core version 5.6.4.Final
2022-09-07 19:30:25,971 INFO org.hibernate.annotations.common.reflection.java.JavaReflectionManager [main] HCANN000001: Hibernate Commons Annotations {5.1.2.Final}
2022-09-07 19:30:26,053 INFO org.hibernate.dialect.Dialect [main] HHH000400: Using dialect: org.hibernate.dialect.SQLiteDialect
2022-09-07 19:30:26,772 INFO org.hibernate.engine.transaction.jta.platform.internal.JtaPlatformInitiator [main] HHH000490: Using JtaPlatform implementation: [org.hibernate.engine.transaction.jta.platform.internal.NoJtaPlatform]
2022-09-07 19:30:26,780 INFO org.springframework.orm.jpa.AbstractEntityManagerFactoryBean [main] Initialized JPA EntityManagerFactory for persistence unit 'default'
2022-09-07 19:30:27,721 WARN org.springframework.boot.autoconfigure.orm.jpa.JpaBaseConfiguration$JpaWebConfiguration [main] spring.jpa.open-in-view is enabled by default. Therefore, database queries may be performed during view rendering. Explicitly configure spring.jpa.open-in-view to disable this warning
2022-09-07 19:30:27,964 INFO springfox.documentation.spring.web.PropertySourcedRequestMappingHandlerMapping [main] Mapped URL path [/v2/api-docs] onto method [springfox.documentation.swagger2.web.Swagger2Controller#getDocumentation(String, HttpServletRequest)]
2022-09-07 19:30:28,706 INFO springfox.documentation.spring.web.plugins.DocumentationPluginsBootstrapper [main] Context refreshed
2022-09-07 19:30:28,730 INFO springfox.documentation.spring.web.plugins.DocumentationPluginsBootstrapper [main] Found 1 custom documentation plugin(s)
2022-09-07 19:30:28,764 INFO springfox.documentation.spring.web.scanners.ApiListingReferenceScanner [main] Scanning for api listing references
2022-09-07 19:30:28,912 INFO org.springframework.boot.StartupInfoLogger [main] Started MusicRepositoryTest in 5.137 seconds (JVM running for 6.442)
2022-09-07 19:30:29,640 INFO org.springframework.test.context.support.AbstractTestContextBootstrapper [main] Neither @ContextConfiguration nor @ContextHierarchy found for test class [com.ciandt.summit.bootcamp2022.services.MusicServiceTest], using SpringBootContextLoader
2022-09-07 19:30:29,642 INFO org.springframework.test.context.support.AbstractContextLoader [main] Could not detect default resource locations for test class [com.ciandt.summit.bootcamp2022.services.MusicServiceTest]: no resource found for suffixes {-context.xml, Context.groovy}.
2022-09-07 19:30:29,643 INFO org.springframework.test.context.support.AnnotationConfigContextLoaderUtils [main] Could not detect default configuration classes for test class [com.ciandt.summit.bootcamp2022.services.MusicServiceTest]: MusicServiceTest does not declare any static, non-private, non-final, nested classes annotated with @Configuration.
2022-09-07 19:30:29,651 INFO org.springframework.boot.test.context.SpringBootTestContextBootstrapper [main] Found @SpringBootConfiguration com.ciandt.summit.bootcamp2022.SummitBootcampApplication for test class com.ciandt.summit.bootcamp2022.services.MusicServiceTest
2022-09-07 19:30:29,654 INFO org.springframework.test.context.support.AbstractTestContextBootstrapper [main] Loaded default TestExecutionListener class names from location [META-INF/spring.factories]: [org.springframework.boot.test.mock.mockito.MockitoTestExecutionListener, org.springframework.boot.test.mock.mockito.ResetMocksTestExecutionListener, org.springframework.boot.test.autoconfigure.restdocs.RestDocsTestExecutionListener, org.springframework.boot.test.autoconfigure.web.client.MockRestServiceServerResetTestExecutionListener, org.springframework.boot.test.autoconfigure.web.servlet.MockMvcPrintOnlyOnFailureTestExecutionListener, org.springframework.boot.test.autoconfigure.web.servlet.WebDriverTestExecutionListener, org.springframework.boot.test.autoconfigure.webservices.client.MockWebServiceServerTestExecutionListener, org.springframework.test.context.web.ServletTestExecutionListener, org.springframework.test.context.support.DirtiesContextBeforeModesTestExecutionListener, org.springframework.test.context.event.ApplicationEventsTestExecutionListener, org.springframework.test.context.support.DependencyInjectionTestExecutionListener, org.springframework.test.context.support.DirtiesContextTestExecutionListener, org.springframework.test.context.transaction.TransactionalTestExecutionListener, org.springframework.test.context.jdbc.SqlScriptsTestExecutionListener, org.springframework.test.context.event.EventPublishingTestExecutionListener]
2022-09-07 19:30:29,654 INFO org.springframework.test.context.support.AbstractTestContextBootstrapper [main] Using TestExecutionListeners: [org.springframework.test.context.web.ServletTestExecutionListener@3e2a2f7a, org.springframework.test.context.support.DirtiesContextBeforeModesTestExecutionListener@53a3132f, org.springframework.test.context.event.ApplicationEventsTestExecutionListener@287d5f50, org.springframework.boot.test.mock.mockito.MockitoTestExecutionListener@2ab75fdc, org.springframework.boot.test.autoconfigure.SpringBootDependencyInjectionTestExecutionListener@4509f40f, org.springframework.test.context.support.DirtiesContextTestExecutionListener@e78bdea, org.springframework.test.context.transaction.TransactionalTestExecutionListener@4c3df4aa, org.springframework.test.context.jdbc.SqlScriptsTestExecutionListener@5ce40b4e, org.springframework.test.context.event.EventPublishingTestExecutionListener@56c73551, org.springframework.boot.test.mock.mockito.ResetMocksTestExecutionListener@1d1b458e, org.springframework.boot.test.autoconfigure.restdocs.RestDocsTestExecutionListener@3e207a23, org.springframework.boot.test.autoconfigure.web.client.MockRestServiceServerResetTestExecutionListener@4262a8d2, org.springframework.boot.test.autoconfigure.web.servlet.MockMvcPrintOnlyOnFailureTestExecutionListener@2d607072, org.springframework.boot.test.autoconfigure.web.servlet.WebDriverTestExecutionListener@6a907765, org.springframework.boot.test.autoconfigure.webservices.client.MockWebServiceServerTestExecutionListener@57dcf976]
2022-09-07 19:30:29,686 INFO org.springframework.boot.StartupInfoLogger [main] Starting MusicServiceTest using Java 11.0.16 on lnb028469cps with PID 856905 (started by CIANDT\vbotelho in /home/vbotelho/Documentos/projetosEclipse/Projeto-MyMusic/projetct-myMusic-toTal/MyMusic)
2022-09-07 19:30:29,687 INFO org.springframework.boot.SpringApplication [main] No active profile set, falling back to default profiles: default
2022-09-07 19:30:29,935 INFO org.springframework.data.repository.config.RepositoryConfigurationDelegate [main] Bootstrapping Spring Data JPA repositories in DEFAULT mode.
2022-09-07 19:30:29,947 INFO org.springframework.data.repository.config.RepositoryConfigurationDelegate [main] Finished Spring Data repository scanning in 11 ms. Found 2 JPA repository interfaces.
2022-09-07 19:30:30,191 INFO org.hibernate.jpa.internal.util.LogHelper [main] HHH000204: Processing PersistenceUnitInfo [name: default]
2022-09-07 19:30:30,252 INFO org.hibernate.engine.transaction.jta.platform.internal.JtaPlatformInitiator [main] HHH000490: Using JtaPlatform implementation: [org.hibernate.engine.transaction.jta.platform.internal.NoJtaPlatform]
2022-09-07 19:30:30,253 INFO org.springframework.orm.jpa.AbstractEntityManagerFactoryBean [main] Initialized JPA EntityManagerFactory for persistence unit 'default'
2022-09-07 19:30:30,472 WARN org.springframework.boot.autoconfigure.orm.jpa.JpaBaseConfiguration$JpaWebConfiguration [main] spring.jpa.open-in-view is enabled by default. Therefore, database queries may be performed during view rendering. Explicitly configure spring.jpa.open-in-view to disable this warning
2022-09-07 19:30:30,583 INFO springfox.documentation.spring.web.PropertySourcedRequestMappingHandlerMapping [main] Mapped URL path [/v2/api-docs] onto method [springfox.documentation.swagger2.web.Swagger2Controller#getDocumentation(String, HttpServletRequest)]
2022-09-07 19:30:30,884 INFO springfox.documentation.spring.web.plugins.DocumentationPluginsBootstrapper [main] Context refreshed
2022-09-07 19:30:30,885 INFO springfox.documentation.spring.web.plugins.DocumentationPluginsBootstrapper [main] Found 1 custom documentation plugin(s)
2022-09-07 19:30:30,890 INFO springfox.documentation.spring.web.scanners.ApiListingReferenceScanner [main] Scanning for api listing references
2022-09-07 19:30:30,927 INFO org.springframework.boot.StartupInfoLogger [main] Started MusicServiceTest in 1.27 seconds (JVM running for 8.457)
2022-09-07 19:30:30,977 INFO com.ciandt.summit.bootcamp2022.services.impl.MusicServiceImpl [main] returns filtered musics list
2022-09-07 19:30:31,011 INFO com.ciandt.summit.bootcamp2022.services.impl.MusicServiceImpl [main] name is null or is empty
2022-09-07 19:30:31,019 WARN com.ciandt.summit.bootcamp2022.services.impl.MusicServiceImpl [main] empty music list
2022-09-07 19:30:31,027 WARN com.ciandt.summit.bootcamp2022.services.impl.MusicServiceImpl [main] name less than 2 characters
2022-09-07 19:30:31,032 INFO org.springframework.test.context.support.AbstractTestContextBootstrapper [main] Neither @ContextConfiguration nor @ContextHierarchy found for test class [com.ciandt.summit.bootcamp2022.services.PlayListServiceTest], using SpringBootContextLoader
2022-09-07 19:30:31,033 INFO org.springframework.test.context.support.AbstractContextLoader [main] Could not detect default resource locations for test class [com.ciandt.summit.bootcamp2022.services.PlayListServiceTest]: no resource found for suffixes {-context.xml, Context.groovy}.
2022-09-07 19:30:31,033 INFO org.springframework.test.context.support.AnnotationConfigContextLoaderUtils [main] Could not detect default configuration classes for test class [com.ciandt.summit.bootcamp2022.services.PlayListServiceTest]: PlayListServiceImplTest does not declare any static, non-private, non-final, nested classes annotated with @Configuration.
2022-09-07 19:30:31,041 INFO org.springframework.boot.test.context.SpringBootTestContextBootstrapper [main] Found @SpringBootConfiguration com.ciandt.summit.bootcamp2022.SummitBootcampApplication for test class com.ciandt.summit.bootcamp2022.services.PlayListServiceTest
2022-09-07 19:30:31,044 INFO org.springframework.test.context.support.AbstractTestContextBootstrapper [main] Loaded default TestExecutionListener class names from location [META-INF/spring.factories]: [org.springframework.boot.test.mock.mockito.MockitoTestExecutionListener, org.springframework.boot.test.mock.mockito.ResetMocksTestExecutionListener, org.springframework.boot.test.autoconfigure.restdocs.RestDocsTestExecutionListener, org.springframework.boot.test.autoconfigure.web.client.MockRestServiceServerResetTestExecutionListener, org.springframework.boot.test.autoconfigure.web.servlet.MockMvcPrintOnlyOnFailureTestExecutionListener, org.springframework.boot.test.autoconfigure.web.servlet.WebDriverTestExecutionListener, org.springframework.boot.test.autoconfigure.webservices.client.MockWebServiceServerTestExecutionListener, org.springframework.test.context.web.ServletTestExecutionListener, org.springframework.test.context.support.DirtiesContextBeforeModesTestExecutionListener, org.springframework.test.context.event.ApplicationEventsTestExecutionListener, org.springframework.test.context.support.DependencyInjectionTestExecutionListener, org.springframework.test.context.support.DirtiesContextTestExecutionListener, org.springframework.test.context.transaction.TransactionalTestExecutionListener, org.springframework.test.context.jdbc.SqlScriptsTestExecutionListener, org.springframework.test.context.event.EventPublishingTestExecutionListener]
2022-09-07 19:30:31,044 INFO org.springframework.test.context.support.AbstractTestContextBootstrapper [main] Using TestExecutionListeners: [org.springframework.test.context.web.ServletTestExecutionListener@35f99930, org.springframework.test.context.support.DirtiesContextBeforeModesTestExecutionListener@2d11d5e7, org.springframework.test.context.event.ApplicationEventsTestExecutionListener@30b1f83, org.springframework.boot.test.mock.mockito.MockitoTestExecutionListener@1843f659, org.springframework.boot.test.autoconfigure.SpringBootDependencyInjectionTestExecutionListener@610acc78, org.springframework.test.context.support.DirtiesContextTestExecutionListener@42178353, org.springframework.test.context.transaction.TransactionalTestExecutionListener@193b7b95, org.springframework.test.context.jdbc.SqlScriptsTestExecutionListener@1e4da7d5, org.springframework.test.context.event.EventPublishingTestExecutionListener@2993c168, org.springframework.boot.test.mock.mockito.ResetMocksTestExecutionListener@5760c212, org.springframework.boot.test.autoconfigure.restdocs.RestDocsTestExecutionListener@15c5fcb8, org.springframework.boot.test.autoconfigure.web.client.MockRestServiceServerResetTestExecutionListener@66c582da, org.springframework.boot.test.autoconfigure.web.servlet.MockMvcPrintOnlyOnFailureTestExecutionListener@516a97eb, org.springframework.boot.test.autoconfigure.web.servlet.WebDriverTestExecutionListener@4bbf86, org.springframework.boot.test.autoconfigure.webservices.client.MockWebServiceServerTestExecutionListener@3a51a30b]
2022-09-07 19:30:31,071 INFO org.springframework.boot.StartupInfoLogger [main] Starting PlayListServiceImplTest using Java 11.0.16 on lnb028469cps with PID 856905 (started by CIANDT\vbotelho in /home/vbotelho/Documentos/projetosEclipse/Projeto-MyMusic/projetct-myMusic-toTal/MyMusic)
2022-09-07 19:30:31,072 INFO org.springframework.boot.SpringApplication [main] No active profile set, falling back to default profiles: default
2022-09-07 19:30:31,267 INFO org.springframework.data.repository.config.RepositoryConfigurationDelegate [main] Bootstrapping Spring Data JPA repositories in DEFAULT mode.
2022-09-07 19:30:31,277 INFO org.springframework.data.repository.config.RepositoryConfigurationDelegate [main] Finished Spring Data repository scanning in 9 ms. Found 2 JPA repository interfaces.
2022-09-07 19:30:31,432 INFO org.hibernate.jpa.internal.util.LogHelper [main] HHH000204: Processing PersistenceUnitInfo [name: default]
2022-09-07 19:30:31,483 INFO org.hibernate.engine.transaction.jta.platform.internal.JtaPlatformInitiator [main] HHH000490: Using JtaPlatform implementation: [org.hibernate.engine.transaction.jta.platform.internal.NoJtaPlatform]
2022-09-07 19:30:31,484 INFO org.springframework.orm.jpa.AbstractEntityManagerFactoryBean [main] Initialized JPA EntityManagerFactory for persistence unit 'default'
2022-09-07 19:30:31,625 WARN org.springframework.boot.autoconfigure.orm.jpa.JpaBaseConfiguration$JpaWebConfiguration [main] spring.jpa.open-in-view is enabled by default. Therefore, database queries may be performed during view rendering. Explicitly configure spring.jpa.open-in-view to disable this warning
2022-09-07 19:30:31,736 INFO springfox.documentation.spring.web.PropertySourcedRequestMappingHandlerMapping [main] Mapped URL path [/v2/api-docs] onto method [springfox.documentation.swagger2.web.Swagger2Controller#getDocumentation(String, HttpServletRequest)]
2022-09-07 19:30:32,073 INFO springfox.documentation.spring.web.plugins.DocumentationPluginsBootstrapper [main] Context refreshed
2022-09-07 19:30:32,073 INFO springfox.documentation.spring.web.plugins.DocumentationPluginsBootstrapper [main] Found 1 custom documentation plugin(s)
2022-09-07 19:30:32,077 INFO springfox.documentation.spring.web.scanners.ApiListingReferenceScanner [main] Scanning for api listing references
2022-09-07 19:30:32,103 INFO org.springframework.boot.StartupInfoLogger [main] Started PlayListServiceImplTest in 1.056 seconds (JVM running for 9.633)
2022-09-07 19:30:32,130 INFO com.ciandt.summit.bootcamp2022.services.impl.PlayListServiceImpl [main] searching playlist by id = 1
2022-09-07 19:30:32,135 INFO com.ciandt.summit.bootcamp2022.services.impl.PlayListServiceImpl [main] checking if the song already exists in the playlist
2022-09-07 19:30:32,136 WARN com.ciandt.summit.bootcamp2022.services.impl.PlayListServiceImpl [main] The music already exists in the playlist
2022-09-07 19:30:32,145 INFO com.ciandt.summit.bootcamp2022.services.impl.PlayListServiceImpl [main] searching playlist by id = 1
2022-09-07 19:30:32,154 INFO com.ciandt.summit.bootcamp2022.services.impl.PlayListServiceImpl [main] searching playlist by id = null
2022-09-07 19:30:32,154 WARN com.ciandt.summit.bootcamp2022.services.impl.PlayListServiceImpl [main] Playlist of id null, not found!
2022-09-07 19:30:32,160 INFO com.ciandt.summit.bootcamp2022.services.impl.PlayListServiceImpl [main] searching playlist by id = 1
2022-09-07 19:30:32,161 INFO com.ciandt.summit.bootcamp2022.services.impl.PlayListServiceImpl [main] checking if the song already exists in the playlist
2022-09-07 19:30:32,161 INFO com.ciandt.summit.bootcamp2022.services.impl.PlayListServiceImpl [main] Adding the music in the playlist of id = 1
2022-09-07 19:30:32,162 INFO com.ciandt.summit.bootcamp2022.services.impl.PlayListServiceImpl [main] saving the playlist
2022-09-07 19:30:32,171 INFO org.springframework.test.context.support.AbstractTestContextBootstrapper [main] Neither @ContextConfiguration nor @ContextHierarchy found for test class [com.ciandt.summit.bootcamp2022.controllers.MusicControllerTest], using SpringBootContextLoader
2022-09-07 19:30:32,172 INFO org.springframework.test.context.support.AbstractContextLoader [main] Could not detect default resource locations for test class [com.ciandt.summit.bootcamp2022.controllers.MusicControllerTest]: no resource found for suffixes {-context.xml, Context.groovy}.
2022-09-07 19:30:32,172 INFO org.springframework.test.context.support.AnnotationConfigContextLoaderUtils [main] Could not detect default configuration classes for test class [com.ciandt.summit.bootcamp2022.controllers.MusicControllerTest]: MusicControllerTest does not declare any static, non-private, non-final, nested classes annotated with @Configuration.
2022-09-07 19:30:32,197 INFO org.springframework.boot.test.context.SpringBootTestContextBootstrapper [main] Found @SpringBootConfiguration com.ciandt.summit.bootcamp2022.SummitBootcampApplication for test class com.ciandt.summit.bootcamp2022.controllers.MusicControllerTest
2022-09-07 19:30:32,198 INFO org.springframework.test.context.support.AbstractTestContextBootstrapper [main] Loaded default TestExecutionListener class names from location [META-INF/spring.factories]: [org.springframework.boot.test.mock.mockito.MockitoTestExecutionListener, org.springframework.boot.test.mock.mockito.ResetMocksTestExecutionListener, org.springframework.boot.test.autoconfigure.restdocs.RestDocsTestExecutionListener, org.springframework.boot.test.autoconfigure.web.client.MockRestServiceServerResetTestExecutionListener, org.springframework.boot.test.autoconfigure.web.servlet.MockMvcPrintOnlyOnFailureTestExecutionListener, org.springframework.boot.test.autoconfigure.web.servlet.WebDriverTestExecutionListener, org.springframework.boot.test.autoconfigure.webservices.client.MockWebServiceServerTestExecutionListener, org.springframework.test.context.web.ServletTestExecutionListener, org.springframework.test.context.support.DirtiesContextBeforeModesTestExecutionListener, org.springframework.test.context.event.ApplicationEventsTestExecutionListener, org.springframework.test.context.support.DependencyInjectionTestExecutionListener, org.springframework.test.context.support.DirtiesContextTestExecutionListener, org.springframework.test.context.transaction.TransactionalTestExecutionListener, org.springframework.test.context.jdbc.SqlScriptsTestExecutionListener, org.springframework.test.context.event.EventPublishingTestExecutionListener]
2022-09-07 19:30:32,199 INFO org.springframework.test.context.support.AbstractTestContextBootstrapper [main] Using TestExecutionListeners: [org.springframework.test.context.web.ServletTestExecutionListener@6c2c46ca, org.springframework.test.context.support.DirtiesContextBeforeModesTestExecutionListener@4e7e4127, org.springframework.test.context.event.ApplicationEventsTestExecutionListener@5d26c256, org.springframework.boot.test.mock.mockito.MockitoTestExecutionListener@1401d1d7, org.springframework.boot.test.autoconfigure.SpringBootDependencyInjectionTestExecutionListener@1a95df8b, org.springframework.test.context.support.DirtiesContextTestExecutionListener@26dec287, org.springframework.test.context.transaction.TransactionalTestExecutionListener@4d819078, org.springframework.test.context.jdbc.SqlScriptsTestExecutionListener@57146f76, org.springframework.test.context.event.EventPublishingTestExecutionListener@63499b98, org.springframework.boot.test.mock.mockito.ResetMocksTestExecutionListener@33d3b78c, org.springframework.boot.test.autoconfigure.restdocs.RestDocsTestExecutionListener@7210f3de, org.springframework.boot.test.autoconfigure.web.client.MockRestServiceServerResetTestExecutionListener@60b4d35, org.springframework.boot.test.autoconfigure.web.servlet.MockMvcPrintOnlyOnFailureTestExecutionListener@29318337, org.springframework.boot.test.autoconfigure.web.servlet.WebDriverTestExecutionListener@7702e4a, org.springframework.boot.test.autoconfigure.webservices.client.MockWebServiceServerTestExecutionListener@720bb379]
2022-09-07 19:30:32,229 INFO org.springframework.boot.StartupInfoLogger [main] Starting MusicControllerTest using Java 11.0.16 on lnb028469cps with PID 856905 (started by CIANDT\vbotelho in /home/vbotelho/Documentos/projetosEclipse/Projeto-MyMusic/projetct-myMusic-toTal/MyMusic)
2022-09-07 19:30:32,229 INFO org.springframework.boot.SpringApplication [main] No active profile set, falling back to default profiles: default
2022-09-07 19:30:32,613 INFO springfox.documentation.spring.web.PropertySourcedRequestMappingHandlerMapping [main] Mapped URL path [/v2/api-docs] onto method [springfox.documentation.swagger2.web.Swagger2Controller#getDocumentation(String, HttpServletRequest)]
2022-09-07 19:30:32,794 INFO org.springframework.mock.web.MockServletContext [main] Initializing Spring TestDispatcherServlet ''
2022-09-07 19:30:32,794 INFO org.springframework.web.servlet.FrameworkServlet [main] Initializing Servlet ''
2022-09-07 19:30:32,796 INFO org.springframework.web.servlet.FrameworkServlet [main] Completed initialization in 1 ms
2022-09-07 19:30:32,811 INFO springfox.documentation.spring.web.plugins.DocumentationPluginsBootstrapper [main] Context refreshed
2022-09-07 19:30:32,812 INFO springfox.documentation.spring.web.plugins.DocumentationPluginsBootstrapper [main] Found 1 custom documentation plugin(s)
2022-09-07 19:30:32,817 INFO springfox.documentation.spring.web.scanners.ApiListingReferenceScanner [main] Scanning for api listing references
2022-09-07 19:30:32,827 INFO org.springframework.boot.StartupInfoLogger [main] Started MusicControllerTest in 0.626 seconds (JVM running for 10.358)
2022-09-07 19:30:32,869 INFO com.ciandt.summit.bootcamp2022.controllers.MusicController [main] Searching musics list
2022-09-07 19:30:32,886 INFO com.ciandt.summit.bootcamp2022.controllers.MusicController [main] Returning the musics list
2022-09-07 19:30:32,976 INFO com.ciandt.summit.bootcamp2022.controllers.MusicController [main] Searching musics list
2022-09-07 19:30:32,997 INFO com.ciandt.summit.bootcamp2022.controllers.MusicController [main] Searching musics list
2022-09-07 19:30:32,997 INFO com.ciandt.summit.bootcamp2022.controllers.MusicController [main] Returning the musics list
2022-09-07 19:30:33,009 INFO com.ciandt.summit.bootcamp2022.controllers.MusicController [main] Searching musics list
2022-09-07 19:30:33,018 INFO org.springframework.test.context.support.AbstractTestContextBootstrapper [main] Neither @ContextConfiguration nor @ContextHierarchy found for test class [com.ciandt.summit.bootcamp2022.controllers.PlaylistControllerTest], using SpringBootContextLoader
2022-09-07 19:30:33,020 INFO org.springframework.test.context.support.AbstractContextLoader [main] Could not detect default resource locations for test class [com.ciandt.summit.bootcamp2022.controllers.PlaylistControllerTest]: no resource found for suffixes {-context.xml, Context.groovy}.
2022-09-07 19:30:33,020 INFO org.springframework.test.context.support.AnnotationConfigContextLoaderUtils [main] Could not detect default configuration classes for test class [com.ciandt.summit.bootcamp2022.controllers.PlaylistControllerTest]: PlaylistControllerTest does not declare any static, non-private, non-final, nested classes annotated with @Configuration.
2022-09-07 19:30:33,024 INFO org.springframework.boot.test.context.SpringBootTestContextBootstrapper [main] Found @SpringBootConfiguration com.ciandt.summit.bootcamp2022.SummitBootcampApplication for test class com.ciandt.summit.bootcamp2022.controllers.PlaylistControllerTest
2022-09-07 19:30:33,026 INFO org.springframework.test.context.support.AbstractTestContextBootstrapper [main] Loaded default TestExecutionListener class names from location [META-INF/spring.factories]: [org.springframework.boot.test.mock.mockito.MockitoTestExecutionListener, org.springframework.boot.test.mock.mockito.ResetMocksTestExecutionListener, org.springframework.boot.test.autoconfigure.restdocs.RestDocsTestExecutionListener, org.springframework.boot.test.autoconfigure.web.client.MockRestServiceServerResetTestExecutionListener, org.springframework.boot.test.autoconfigure.web.servlet.MockMvcPrintOnlyOnFailureTestExecutionListener, org.springframework.boot.test.autoconfigure.web.servlet.WebDriverTestExecutionListener, org.springframework.boot.test.autoconfigure.webservices.client.MockWebServiceServerTestExecutionListener, org.springframework.test.context.web.ServletTestExecutionListener, org.springframework.test.context.support.DirtiesContextBeforeModesTestExecutionListener, org.springframework.test.context.event.ApplicationEventsTestExecutionListener, org.springframework.test.context.support.DependencyInjectionTestExecutionListener, org.springframework.test.context.support.DirtiesContextTestExecutionListener, org.springframework.test.context.transaction.TransactionalTestExecutionListener, org.springframework.test.context.jdbc.SqlScriptsTestExecutionListener, org.springframework.test.context.event.EventPublishingTestExecutionListener]
2022-09-07 19:30:33,027 INFO org.springframework.test.context.support.AbstractTestContextBootstrapper [main] Using TestExecutionListeners: [org.springframework.test.context.web.ServletTestExecutionListener@1cde05bc, org.springframework.test.context.support.DirtiesContextBeforeModesTestExecutionListener@7cab419a, org.springframework.test.context.event.ApplicationEventsTestExecutionListener@1fc6ccbe, org.springframework.boot.test.mock.mockito.MockitoTestExecutionListener@459a99c9, org.springframework.boot.test.autoconfigure.SpringBootDependencyInjectionTestExecutionListener@29058723, org.springframework.test.context.support.DirtiesContextTestExecutionListener@f04b408, org.springframework.test.context.transaction.TransactionalTestExecutionListener@268e3a6a, org.springframework.test.context.jdbc.SqlScriptsTestExecutionListener@374baba3, org.springframework.test.context.event.EventPublishingTestExecutionListener@32720ef6, org.springframework.boot.test.mock.mockito.ResetMocksTestExecutionListener@187c5844, org.springframework.boot.test.autoconfigure.restdocs.RestDocsTestExecutionListener@4ff67c4b, org.springframework.boot.test.autoconfigure.web.client.MockRestServiceServerResetTestExecutionListener@258ad0a5, org.springframework.boot.test.autoconfigure.web.servlet.MockMvcPrintOnlyOnFailureTestExecutionListener@72d6f5c, org.springframework.boot.test.autoconfigure.web.servlet.WebDriverTestExecutionListener@7de9b985, org.springframework.boot.test.autoconfigure.webservices.client.MockWebServiceServerTestExecutionListener@1019657]
2022-09-07 19:30:33,052 INFO org.springframework.boot.StartupInfoLogger [main] Starting PlaylistControllerTest using Java 11.0.16 on lnb028469cps with PID 856905 (started by CIANDT\vbotelho in /home/vbotelho/Documentos/projetosEclipse/Projeto-MyMusic/projetct-myMusic-toTal/MyMusic)
2022-09-07 19:30:33,053 INFO org.springframework.boot.SpringApplication [main] No active profile set, falling back to default profiles: default
2022-09-07 19:30:33,422 INFO springfox.documentation.spring.web.PropertySourcedRequestMappingHandlerMapping [main] Mapped URL path [/v2/api-docs] onto method [springfox.documentation.swagger2.web.Swagger2Controller#getDocumentation(String, HttpServletRequest)]
2022-09-07 19:30:33,559 INFO org.springframework.mock.web.MockServletContext [main] Initializing Spring TestDispatcherServlet ''
2022-09-07 19:30:33,559 INFO org.springframework.web.servlet.FrameworkServlet [main] Initializing Servlet ''
2022-09-07 19:30:33,560 INFO org.springframework.web.servlet.FrameworkServlet [main] Completed initialization in 0 ms
2022-09-07 19:30:33,572 INFO springfox.documentation.spring.web.plugins.DocumentationPluginsBootstrapper [main] Context refreshed
2022-09-07 19:30:33,573 INFO springfox.documentation.spring.web.plugins.DocumentationPluginsBootstrapper [main] Found 1 custom documentation plugin(s)
2022-09-07 19:30:33,576 INFO springfox.documentation.spring.web.scanners.ApiListingReferenceScanner [main] Scanning for api listing references
2022-09-07 19:30:33,592 INFO org.springframework.boot.StartupInfoLogger [main] Started PlaylistControllerTest in 0.562 seconds (JVM running for 11.122)
2022-09-07 19:30:33,681 INFO com.ciandt.summit.bootcamp2022.controllers.PlaylistController [main] Adding Music to Playlist
2022-09-07 19:30:33,695 INFO com.ciandt.summit.bootcamp2022.controllers.PlaylistController [main] Adding Music to Playlist
2022-09-07 19:30:33,705 INFO com.ciandt.summit.bootcamp2022.controllers.PlaylistController [main] Adding Music to Playlist
2022-09-07 19:30:33,707 INFO com.ciandt.summit.bootcamp2022.controllers.PlaylistController [main] the song has been added to the playlist
2022-09-07 19:30:33,718 INFO org.springframework.test.context.support.AbstractTestContextBootstrapper [main] Neither @ContextConfiguration nor @ContextHierarchy found for test class [com.ciandt.summit.bootcamp2022.SummitBootcampApplicationTest], using SpringBootContextLoader
2022-09-07 19:30:33,719 INFO org.springframework.test.context.support.AbstractContextLoader [main] Could not detect default resource locations for test class [com.ciandt.summit.bootcamp2022.SummitBootcampApplicationTest]: no resource found for suffixes {-context.xml, Context.groovy}.
2022-09-07 19:30:33,720 INFO org.springframework.test.context.support.AnnotationConfigContextLoaderUtils [main] Could not detect default configuration classes for test class [com.ciandt.summit.bootcamp2022.SummitBootcampApplicationTest]: SummitBootcampApplicationTest does not declare any static, non-private, non-final, nested classes annotated with @Configuration.
2022-09-07 19:30:33,727 INFO org.springframework.boot.test.context.SpringBootTestContextBootstrapper [main] Found @SpringBootConfiguration com.ciandt.summit.bootcamp2022.SummitBootcampApplication for test class com.ciandt.summit.bootcamp2022.SummitBootcampApplicationTest
2022-09-07 19:30:33,729 INFO org.springframework.test.context.support.AbstractTestContextBootstrapper [main] Loaded default TestExecutionListener class names from location [META-INF/spring.factories]: [org.springframework.boot.test.mock.mockito.MockitoTestExecutionListener, org.springframework.boot.test.mock.mockito.ResetMocksTestExecutionListener, org.springframework.boot.test.autoconfigure.restdocs.RestDocsTestExecutionListener, org.springframework.boot.test.autoconfigure.web.client.MockRestServiceServerResetTestExecutionListener, org.springframework.boot.test.autoconfigure.web.servlet.MockMvcPrintOnlyOnFailureTestExecutionListener, org.springframework.boot.test.autoconfigure.web.servlet.WebDriverTestExecutionListener, org.springframework.boot.test.autoconfigure.webservices.client.MockWebServiceServerTestExecutionListener, org.springframework.test.context.web.ServletTestExecutionListener, org.springframework.test.context.support.DirtiesContextBeforeModesTestExecutionListener, org.springframework.test.context.event.ApplicationEventsTestExecutionListener, org.springframework.test.context.support.DependencyInjectionTestExecutionListener, org.springframework.test.context.support.DirtiesContextTestExecutionListener, org.springframework.test.context.transaction.TransactionalTestExecutionListener, org.springframework.test.context.jdbc.SqlScriptsTestExecutionListener, org.springframework.test.context.event.EventPublishingTestExecutionListener]
2022-09-07 19:30:33,729 INFO org.springframework.test.context.support.AbstractTestContextBootstrapper [main] Using TestExecutionListeners: [org.springframework.test.context.web.ServletTestExecutionListener@71ce1174, org.springframework.test.context.support.DirtiesContextBeforeModesTestExecutionListener@58e71a08, org.springframework.test.context.event.ApplicationEventsTestExecutionListener@2239d38a, org.springframework.boot.test.mock.mockito.MockitoTestExecutionListener@184e758f, org.springframework.boot.test.autoconfigure.SpringBootDependencyInjectionTestExecutionListener@198a9243, org.springframework.test.context.support.DirtiesContextTestExecutionListener@795dfc20, org.springframework.test.context.transaction.TransactionalTestExecutionListener@1594c502, org.springframework.test.context.jdbc.SqlScriptsTestExecutionListener@7e9d3832, org.springframework.test.context.event.EventPublishingTestExecutionListener@33c8a528, org.springframework.boot.test.mock.mockito.ResetMocksTestExecutionListener@2562e38d, org.springframework.boot.test.autoconfigure.restdocs.RestDocsTestExecutionListener@16ed8ef6, org.springframework.boot.test.autoconfigure.web.client.MockRestServiceServerResetTestExecutionListener@12678b1, org.springframework.boot.test.autoconfigure.web.servlet.MockMvcPrintOnlyOnFailureTestExecutionListener@77b16c58, org.springframework.boot.test.autoconfigure.web.servlet.WebDriverTestExecutionListener@45fd87a8, org.springframework.boot.test.autoconfigure.webservices.client.MockWebServiceServerTestExecutionListener@3f1d3bdf]
2022-09-07 19:30:33,752 INFO org.springframework.orm.jpa.AbstractEntityManagerFactoryBean [SpringApplicationShutdownHook] Closing JPA EntityManagerFactory for persistence unit 'default'
2022-09-07 19:30:33,762 INFO org.springframework.orm.jpa.AbstractEntityManagerFactoryBean [SpringApplicationShutdownHook] Closing JPA EntityManagerFactory for persistence unit 'default'
2022-09-07 19:30:33,765 INFO org.springframework.orm.jpa.AbstractEntityManagerFactoryBean [SpringApplicationShutdownHook] Closing JPA EntityManagerFactory for persistence unit 'default'
2022-09-07 19:33:25,355 INFO org.springframework.boot.StartupInfoLogger [main] Starting MusicRepositoryTest using Java 11.0.16 on lnb028469cps with PID 857533 (started by CIANDT\vbotelho in /home/vbotelho/Documentos/projetosEclipse/Projeto-MyMusic/projetct-myMusic-toTal/MyMusic)
2022-09-07 19:33:25,362 INFO org.springframework.boot.SpringApplication [main] No active profile set, falling back to default profiles: default
2022-09-07 19:33:25,396 INFO org.hibernate.validator.internal.util.Version [background-preinit] HV000001: Hibernate Validator 6.2.0.Final
2022-09-07 19:33:26,343 INFO org.springframework.data.repository.config.RepositoryConfigurationDelegate [main] Bootstrapping Spring Data JPA repositories in DEFAULT mode.
2022-09-07 19:33:26,400 INFO org.springframework.data.repository.config.RepositoryConfigurationDelegate [main] Finished Spring Data repository scanning in 47 ms. Found 2 JPA repository interfaces.
2022-09-07 19:33:26,942 INFO org.hibernate.jpa.internal.util.LogHelper [main] HHH000204: Processing PersistenceUnitInfo [name: default]
2022-09-07 19:33:27,005 INFO org.hibernate.Version [main] HHH000412: Hibernate ORM core version 5.6.4.Final
2022-09-07 19:33:27,289 INFO org.hibernate.annotations.common.reflection.java.JavaReflectionManager [main] HCANN000001: Hibernate Commons Annotations {5.1.2.Final}
2022-09-07 19:33:27,372 INFO org.hibernate.dialect.Dialect [main] HHH000400: Using dialect: org.hibernate.dialect.SQLiteDialect
2022-09-07 19:33:28,100 INFO org.hibernate.engine.transaction.jta.platform.internal.JtaPlatformInitiator [main] HHH000490: Using JtaPlatform implementation: [org.hibernate.engine.transaction.jta.platform.internal.NoJtaPlatform]
2022-09-07 19:33:28,110 INFO org.springframework.orm.jpa.AbstractEntityManagerFactoryBean [main] Initialized JPA EntityManagerFactory for persistence unit 'default'
2022-09-07 19:33:29,059 WARN org.springframework.boot.autoconfigure.orm.jpa.JpaBaseConfiguration$JpaWebConfiguration [main] spring.jpa.open-in-view is enabled by default. Therefore, database queries may be performed during view rendering. Explicitly configure spring.jpa.open-in-view to disable this warning
2022-09-07 19:33:29,288 INFO springfox.documentation.spring.web.PropertySourcedRequestMappingHandlerMapping [main] Mapped URL path [/v2/api-docs] onto method [springfox.documentation.swagger2.web.Swagger2Controller#getDocumentation(String, HttpServletRequest)]
2022-09-07 19:33:29,934 INFO springfox.documentation.spring.web.plugins.DocumentationPluginsBootstrapper [main] Context refreshed
2022-09-07 19:33:29,964 INFO springfox.documentation.spring.web.plugins.DocumentationPluginsBootstrapper [main] Found 1 custom documentation plugin(s)
2022-09-07 19:33:30,000 INFO springfox.documentation.spring.web.scanners.ApiListingReferenceScanner [main] Scanning for api listing references
2022-09-07 19:33:30,141 INFO org.springframework.boot.StartupInfoLogger [main] Started MusicRepositoryTest in 5.196 seconds (JVM running for 6.35)
2022-09-07 19:33:30,948 INFO org.springframework.test.context.support.AbstractTestContextBootstrapper [main] Neither @ContextConfiguration nor @ContextHierarchy found for test class [com.ciandt.summit.bootcamp2022.services.MusicServiceTest], using SpringBootContextLoader
2022-09-07 19:33:30,949 INFO org.springframework.test.context.support.AbstractContextLoader [main] Could not detect default resource locations for test class [com.ciandt.summit.bootcamp2022.services.MusicServiceTest]: no resource found for suffixes {-context.xml, Context.groovy}.
2022-09-07 19:33:30,949 INFO org.springframework.test.context.support.AnnotationConfigContextLoaderUtils [main] Could not detect default configuration classes for test class [com.ciandt.summit.bootcamp2022.services.MusicServiceTest]: MusicServiceTest does not declare any static, non-private, non-final, nested classes annotated with @Configuration.
2022-09-07 19:33:30,956 INFO org.springframework.boot.test.context.SpringBootTestContextBootstrapper [main] Found @SpringBootConfiguration com.ciandt.summit.bootcamp2022.SummitBootcampApplication for test class com.ciandt.summit.bootcamp2022.services.MusicServiceTest
2022-09-07 19:33:30,958 INFO org.springframework.test.context.support.AbstractTestContextBootstrapper [main] Loaded default TestExecutionListener class names from location [META-INF/spring.factories]: [org.springframework.boot.test.mock.mockito.MockitoTestExecutionListener, org.springframework.boot.test.mock.mockito.ResetMocksTestExecutionListener, org.springframework.boot.test.autoconfigure.restdocs.RestDocsTestExecutionListener, org.springframework.boot.test.autoconfigure.web.client.MockRestServiceServerResetTestExecutionListener, org.springframework.boot.test.autoconfigure.web.servlet.MockMvcPrintOnlyOnFailureTestExecutionListener, org.springframework.boot.test.autoconfigure.web.servlet.WebDriverTestExecutionListener, org.springframework.boot.test.autoconfigure.webservices.client.MockWebServiceServerTestExecutionListener, org.springframework.test.context.web.ServletTestExecutionListener, org.springframework.test.context.support.DirtiesContextBeforeModesTestExecutionListener, org.springframework.test.context.event.ApplicationEventsTestExecutionListener, org.springframework.test.context.support.DependencyInjectionTestExecutionListener, org.springframework.test.context.support.DirtiesContextTestExecutionListener, org.springframework.test.context.transaction.TransactionalTestExecutionListener, org.springframework.test.context.jdbc.SqlScriptsTestExecutionListener, org.springframework.test.context.event.EventPublishingTestExecutionListener]
2022-09-07 19:33:30,958 INFO org.springframework.test.context.support.AbstractTestContextBootstrapper [main] Using TestExecutionListeners: [org.springframework.test.context.web.ServletTestExecutionListener@4509f40f, org.springframework.test.context.support.DirtiesContextBeforeModesTestExecutionListener@e78bdea, org.springframework.test.context.event.ApplicationEventsTestExecutionListener@4c3df4aa, org.springframework.boot.test.mock.mockito.MockitoTestExecutionListener@5ce40b4e, org.springframework.boot.test.autoconfigure.SpringBootDependencyInjectionTestExecutionListener@56c73551, org.springframework.test.context.support.DirtiesContextTestExecutionListener@1d1b458e, org.springframework.test.context.transaction.TransactionalTestExecutionListener@3e207a23, org.springframework.test.context.jdbc.SqlScriptsTestExecutionListener@4262a8d2, org.springframework.test.context.event.EventPublishingTestExecutionListener@2d607072, org.springframework.boot.test.mock.mockito.ResetMocksTestExecutionListener@6a907765, org.springframework.boot.test.autoconfigure.restdocs.RestDocsTestExecutionListener@57dcf976, org.springframework.boot.test.autoconfigure.web.client.MockRestServiceServerResetTestExecutionListener@afef67, org.springframework.boot.test.autoconfigure.web.servlet.MockMvcPrintOnlyOnFailureTestExecutionListener@2e62ece0, org.springframework.boot.test.autoconfigure.web.servlet.WebDriverTestExecutionListener@47209d16, org.springframework.boot.test.autoconfigure.webservices.client.MockWebServiceServerTestExecutionListener@7787cbcd]
2022-09-07 19:33:30,988 INFO org.springframework.boot.StartupInfoLogger [main] Starting MusicServiceTest using Java 11.0.16 on lnb028469cps with PID 857533 (started by CIANDT\vbotelho in /home/vbotelho/Documentos/projetosEclipse/Projeto-MyMusic/projetct-myMusic-toTal/MyMusic)
2022-09-07 19:33:30,988 INFO org.springframework.boot.SpringApplication [main] No active profile set, falling back to default profiles: default
2022-09-07 19:33:31,219 INFO org.springframework.data.repository.config.RepositoryConfigurationDelegate [main] Bootstrapping Spring Data JPA repositories in DEFAULT mode.
2022-09-07 19:33:31,227 INFO org.springframework.data.repository.config.RepositoryConfigurationDelegate [main] Finished Spring Data repository scanning in 8 ms. Found 2 JPA repository interfaces.
2022-09-07 19:33:31,488 INFO org.hibernate.jpa.internal.util.LogHelper [main] HHH000204: Processing PersistenceUnitInfo [name: default]
2022-09-07 19:33:31,548 INFO org.hibernate.engine.transaction.jta.platform.internal.JtaPlatformInitiator [main] HHH000490: Using JtaPlatform implementation: [org.hibernate.engine.transaction.jta.platform.internal.NoJtaPlatform]
2022-09-07 19:33:31,549 INFO org.springframework.orm.jpa.AbstractEntityManagerFactoryBean [main] Initialized JPA EntityManagerFactory for persistence unit 'default'
2022-09-07 19:33:31,740 WARN org.springframework.boot.autoconfigure.orm.jpa.JpaBaseConfiguration$JpaWebConfiguration [main] spring.jpa.open-in-view is enabled by default. Therefore, database queries may be performed during view rendering. Explicitly configure spring.jpa.open-in-view to disable this warning
2022-09-07 19:33:31,862 INFO springfox.documentation.spring.web.PropertySourcedRequestMappingHandlerMapping [main] Mapped URL path [/v2/api-docs] onto method [springfox.documentation.swagger2.web.Swagger2Controller#getDocumentation(String, HttpServletRequest)]
2022-09-07 19:33:32,155 INFO springfox.documentation.spring.web.plugins.DocumentationPluginsBootstrapper [main] Context refreshed
2022-09-07 19:33:32,155 INFO springfox.documentation.spring.web.plugins.DocumentationPluginsBootstrapper [main] Found 1 custom documentation plugin(s)
2022-09-07 19:33:32,160 INFO springfox.documentation.spring.web.scanners.ApiListingReferenceScanner [main] Scanning for api listing references
2022-09-07 19:33:32,187 INFO org.springframework.boot.StartupInfoLogger [main] Started MusicServiceTest in 1.226 seconds (JVM running for 8.396)
2022-09-07 19:33:32,239 INFO com.ciandt.summit.bootcamp2022.services.impl.MusicServiceImpl [main] returns filtered musics list
2022-09-07 19:33:32,292 INFO com.ciandt.summit.bootcamp2022.services.impl.MusicServiceImpl [main] name is null or is empty
2022-09-07 19:33:32,298 WARN com.ciandt.summit.bootcamp2022.services.impl.MusicServiceImpl [main] empty music list
2022-09-07 19:33:32,304 WARN com.ciandt.summit.bootcamp2022.services.impl.MusicServiceImpl [main] name less than 2 characters
2022-09-07 19:33:32,308 INFO org.springframework.test.context.support.AbstractTestContextBootstrapper [main] Neither @ContextConfiguration nor @ContextHierarchy found for test class [com.ciandt.summit.bootcamp2022.services.PlayListServiceTest], using SpringBootContextLoader
2022-09-07 19:33:32,310 INFO org.springframework.test.context.support.AbstractContextLoader [main] Could not detect default resource locations for test class [com.ciandt.summit.bootcamp2022.services.PlayListServiceTest]: no resource found for suffixes {-context.xml, Context.groovy}.
2022-09-07 19:33:32,310 INFO org.springframework.test.context.support.AnnotationConfigContextLoaderUtils [main] Could not detect default configuration classes for test class [com.ciandt.summit.bootcamp2022.services.PlayListServiceTest]: PlayListServiceImplTest does not declare any static, non-private, non-final, nested classes annotated with @Configuration.
2022-09-07 19:33:32,318 INFO org.springframework.boot.test.context.SpringBootTestContextBootstrapper [main] Found @SpringBootConfiguration com.ciandt.summit.bootcamp2022.SummitBootcampApplication for test class com.ciandt.summit.bootcamp2022.services.PlayListServiceTest
2022-09-07 19:33:32,321 INFO org.springframework.test.context.support.AbstractTestContextBootstrapper [main] Loaded default TestExecutionListener class names from location [META-INF/spring.factories]: [org.springframework.boot.test.mock.mockito.MockitoTestExecutionListener, org.springframework.boot.test.mock.mockito.ResetMocksTestExecutionListener, org.springframework.boot.test.autoconfigure.restdocs.RestDocsTestExecutionListener, org.springframework.boot.test.autoconfigure.web.client.MockRestServiceServerResetTestExecutionListener, org.springframework.boot.test.autoconfigure.web.servlet.MockMvcPrintOnlyOnFailureTestExecutionListener, org.springframework.boot.test.autoconfigure.web.servlet.WebDriverTestExecutionListener, org.springframework.boot.test.autoconfigure.webservices.client.MockWebServiceServerTestExecutionListener, org.springframework.test.context.web.ServletTestExecutionListener, org.springframework.test.context.support.DirtiesContextBeforeModesTestExecutionListener, org.springframework.test.context.event.ApplicationEventsTestExecutionListener, org.springframework.test.context.support.DependencyInjectionTestExecutionListener, org.springframework.test.context.support.DirtiesContextTestExecutionListener, org.springframework.test.context.transaction.TransactionalTestExecutionListener, org.springframework.test.context.jdbc.SqlScriptsTestExecutionListener, org.springframework.test.context.event.EventPublishingTestExecutionListener]
2022-09-07 19:33:32,321 INFO org.springframework.test.context.support.AbstractTestContextBootstrapper [main] Using TestExecutionListeners: [org.springframework.test.context.web.ServletTestExecutionListener@610acc78, org.springframework.test.context.support.DirtiesContextBeforeModesTestExecutionListener@42178353, org.springframework.test.context.event.ApplicationEventsTestExecutionListener@193b7b95, org.springframework.boot.test.mock.mockito.MockitoTestExecutionListener@1e4da7d5, org.springframework.boot.test.autoconfigure.SpringBootDependencyInjectionTestExecutionListener@2993c168, org.springframework.test.context.support.DirtiesContextTestExecutionListener@5760c212, org.springframework.test.context.transaction.TransactionalTestExecutionListener@15c5fcb8, org.springframework.test.context.jdbc.SqlScriptsTestExecutionListener@66c582da, org.springframework.test.context.event.EventPublishingTestExecutionListener@516a97eb, org.springframework.boot.test.mock.mockito.ResetMocksTestExecutionListener@4bbf86, org.springframework.boot.test.autoconfigure.restdocs.RestDocsTestExecutionListener@3a51a30b, org.springframework.boot.test.autoconfigure.web.client.MockRestServiceServerResetTestExecutionListener@70c825c9, org.springframework.boot.test.autoconfigure.web.servlet.MockMvcPrintOnlyOnFailureTestExecutionListener@751831f4, org.springframework.boot.test.autoconfigure.web.servlet.WebDriverTestExecutionListener@28f2075e, org.springframework.boot.test.autoconfigure.webservices.client.MockWebServiceServerTestExecutionListener@1f0cb0b0]
2022-09-07 19:33:32,345 INFO org.springframework.boot.StartupInfoLogger [main] Starting PlayListServiceImplTest using Java 11.0.16 on lnb028469cps with PID 857533 (started by CIANDT\vbotelho in /home/vbotelho/Documentos/projetosEclipse/Projeto-MyMusic/projetct-myMusic-toTal/MyMusic)
2022-09-07 19:33:32,345 INFO org.springframework.boot.SpringApplication [main] No active profile set, falling back to default profiles: default
2022-09-07 19:33:32,511 INFO org.springframework.data.repository.config.RepositoryConfigurationDelegate [main] Bootstrapping Spring Data JPA repositories in DEFAULT mode.
2022-09-07 19:33:32,520 INFO org.springframework.data.repository.config.RepositoryConfigurationDelegate [main] Finished Spring Data repository scanning in 8 ms. Found 2 JPA repository interfaces.
2022-09-07 19:33:32,678 INFO org.hibernate.jpa.internal.util.LogHelper [main] HHH000204: Processing PersistenceUnitInfo [name: default]
2022-09-07 19:33:32,729 INFO org.hibernate.engine.transaction.jta.platform.internal.JtaPlatformInitiator [main] HHH000490: Using JtaPlatform implementation: [org.hibernate.engine.transaction.jta.platform.internal.NoJtaPlatform]
2022-09-07 19:33:32,730 INFO org.springframework.orm.jpa.AbstractEntityManagerFactoryBean [main] Initialized JPA EntityManagerFactory for persistence unit 'default'
2022-09-07 19:33:32,864 WARN org.springframework.boot.autoconfigure.orm.jpa.JpaBaseConfiguration$JpaWebConfiguration [main] spring.jpa.open-in-view is enabled by default. Therefore, database queries may be performed during view rendering. Explicitly configure spring.jpa.open-in-view to disable this warning
2022-09-07 19:33:32,966 INFO springfox.documentation.spring.web.PropertySourcedRequestMappingHandlerMapping [main] Mapped URL path [/v2/api-docs] onto method [springfox.documentation.swagger2.web.Swagger2Controller#getDocumentation(String, HttpServletRequest)]
2022-09-07 19:33:33,306 INFO springfox.documentation.spring.web.plugins.DocumentationPluginsBootstrapper [main] Context refreshed
2022-09-07 19:33:33,306 INFO springfox.documentation.spring.web.plugins.DocumentationPluginsBootstrapper [main] Found 1 custom documentation plugin(s)
2022-09-07 19:33:33,311 INFO springfox.documentation.spring.web.scanners.ApiListingReferenceScanner [main] Scanning for api listing references
2022-09-07 19:33:33,336 INFO org.springframework.boot.StartupInfoLogger [main] Started PlayListServiceImplTest in 1.012 seconds (JVM running for 9.545)
2022-09-07 19:33:33,351 INFO com.ciandt.summit.bootcamp2022.services.impl.PlayListServiceImpl [main] searching playlist by id = 1
2022-09-07 19:33:33,354 INFO com.ciandt.summit.bootcamp2022.services.impl.PlayListServiceImpl [main] checking if the song already exists in the playlist
2022-09-07 19:33:33,354 WARN com.ciandt.summit.bootcamp2022.services.impl.PlayListServiceImpl [main] The music already exists in the playlist
2022-09-07 19:33:33,364 INFO com.ciandt.summit.bootcamp2022.services.impl.PlayListServiceImpl [main] searching playlist by id = 1
2022-09-07 19:33:33,376 INFO com.ciandt.summit.bootcamp2022.services.impl.PlayListServiceImpl [main] searching playlist by id = null
2022-09-07 19:33:33,377 WARN com.ciandt.summit.bootcamp2022.services.impl.PlayListServiceImpl [main] Playlist of id null, not found!
2022-09-07 19:33:33,384 INFO com.ciandt.summit.bootcamp2022.services.impl.PlayListServiceImpl [main] searching playlist by id = 1
2022-09-07 19:33:33,385 INFO com.ciandt.summit.bootcamp2022.services.impl.PlayListServiceImpl [main] checking if the song already exists in the playlist
2022-09-07 19:33:33,385 INFO com.ciandt.summit.bootcamp2022.services.impl.PlayListServiceImpl [main] Adding the music in the playlist of id = 1
2022-09-07 19:33:33,386 INFO com.ciandt.summit.bootcamp2022.services.impl.PlayListServiceImpl [main] saving the playlist
2022-09-07 19:33:33,393 INFO org.springframework.test.context.support.AbstractTestContextBootstrapper [main] Neither @ContextConfiguration nor @ContextHierarchy found for test class [com.ciandt.summit.bootcamp2022.controllers.MusicControllerTest], using SpringBootContextLoader
2022-09-07 19:33:33,394 INFO org.springframework.test.context.support.AbstractContextLoader [main] Could not detect default resource locations for test class [com.ciandt.summit.bootcamp2022.controllers.MusicControllerTest]: no resource found for suffixes {-context.xml, Context.groovy}.
2022-09-07 19:33:33,394 INFO org.springframework.test.context.support.AnnotationConfigContextLoaderUtils [main] Could not detect default configuration classes for test class [com.ciandt.summit.bootcamp2022.controllers.MusicControllerTest]: MusicControllerTest does not declare any static, non-private, non-final, nested classes annotated with @Configuration.
2022-09-07 19:33:33,420 INFO org.springframework.boot.test.context.SpringBootTestContextBootstrapper [main] Found @SpringBootConfiguration com.ciandt.summit.bootcamp2022.SummitBootcampApplication for test class com.ciandt.summit.bootcamp2022.controllers.MusicControllerTest
2022-09-07 19:33:33,422 INFO org.springframework.test.context.support.AbstractTestContextBootstrapper [main] Loaded default TestExecutionListener class names from location [META-INF/spring.factories]: [org.springframework.boot.test.mock.mockito.MockitoTestExecutionListener, org.springframework.boot.test.mock.mockito.ResetMocksTestExecutionListener, org.springframework.boot.test.autoconfigure.restdocs.RestDocsTestExecutionListener, org.springframework.boot.test.autoconfigure.web.client.MockRestServiceServerResetTestExecutionListener, org.springframework.boot.test.autoconfigure.web.servlet.MockMvcPrintOnlyOnFailureTestExecutionListener, org.springframework.boot.test.autoconfigure.web.servlet.WebDriverTestExecutionListener, org.springframework.boot.test.autoconfigure.webservices.client.MockWebServiceServerTestExecutionListener, org.springframework.test.context.web.ServletTestExecutionListener, org.springframework.test.context.support.DirtiesContextBeforeModesTestExecutionListener, org.springframework.test.context.event.ApplicationEventsTestExecutionListener, org.springframework.test.context.support.DependencyInjectionTestExecutionListener, org.springframework.test.context.support.DirtiesContextTestExecutionListener, org.springframework.test.context.transaction.TransactionalTestExecutionListener, org.springframework.test.context.jdbc.SqlScriptsTestExecutionListener, org.springframework.test.context.event.EventPublishingTestExecutionListener]
2022-09-07 19:33:33,423 INFO org.springframework.test.context.support.AbstractTestContextBootstrapper [main] Using TestExecutionListeners: [org.springframework.test.context.web.ServletTestExecutionListener@26dec287, org.springframework.test.context.support.DirtiesContextBeforeModesTestExecutionListener@4d819078, org.springframework.test.context.event.ApplicationEventsTestExecutionListener@57146f76, org.springframework.boot.test.mock.mockito.MockitoTestExecutionListener@63499b98, org.springframework.boot.test.autoconfigure.SpringBootDependencyInjectionTestExecutionListener@33d3b78c, org.springframework.test.context.support.DirtiesContextTestExecutionListener@7210f3de, org.springframework.test.context.transaction.TransactionalTestExecutionListener@60b4d35, org.springframework.test.context.jdbc.SqlScriptsTestExecutionListener@29318337, org.springframework.test.context.event.EventPublishingTestExecutionListener@7702e4a, org.springframework.boot.test.mock.mockito.ResetMocksTestExecutionListener@720bb379, org.springframework.boot.test.autoconfigure.restdocs.RestDocsTestExecutionListener@2e353ae8, org.springframework.boot.test.autoconfigure.web.client.MockRestServiceServerResetTestExecutionListener@b382c22, org.springframework.boot.test.autoconfigure.web.servlet.MockMvcPrintOnlyOnFailureTestExecutionListener@d3c5171, org.springframework.boot.test.autoconfigure.web.servlet.WebDriverTestExecutionListener@2283bbd4, org.springframework.boot.test.autoconfigure.webservices.client.MockWebServiceServerTestExecutionListener@25e62716]
2022-09-07 19:33:33,448 INFO org.springframework.boot.StartupInfoLogger [main] Starting MusicControllerTest using Java 11.0.16 on lnb028469cps with PID 857533 (started by CIANDT\vbotelho in /home/vbotelho/Documentos/projetosEclipse/Projeto-MyMusic/projetct-myMusic-toTal/MyMusic)
2022-09-07 19:33:33,449 INFO org.springframework.boot.SpringApplication [main] No active profile set, falling back to default profiles: default
2022-09-07 19:33:33,823 INFO springfox.documentation.spring.web.PropertySourcedRequestMappingHandlerMapping [main] Mapped URL path [/v2/api-docs] onto method [springfox.documentation.swagger2.web.Swagger2Controller#getDocumentation(String, HttpServletRequest)]
2022-09-07 19:33:33,975 INFO org.springframework.mock.web.MockServletContext [main] Initializing Spring TestDispatcherServlet ''
2022-09-07 19:33:33,975 INFO org.springframework.web.servlet.FrameworkServlet [main] Initializing Servlet ''
2022-09-07 19:33:33,976 INFO org.springframework.web.servlet.FrameworkServlet [main] Completed initialization in 1 ms
2022-09-07 19:33:33,993 INFO springfox.documentation.spring.web.plugins.DocumentationPluginsBootstrapper [main] Context refreshed
2022-09-07 19:33:33,994 INFO springfox.documentation.spring.web.plugins.DocumentationPluginsBootstrapper [main] Found 1 custom documentation plugin(s)
2022-09-07 19:33:33,998 INFO springfox.documentation.spring.web.scanners.ApiListingReferenceScanner [main] Scanning for api listing references
2022-09-07 19:33:34,012 INFO org.springframework.boot.StartupInfoLogger [main] Started MusicControllerTest in 0.587 seconds (JVM running for 10.221)
2022-09-07 19:33:34,054 INFO com.ciandt.summit.bootcamp2022.controllers.MusicController [main] Searching musics list
2022-09-07 19:33:34,054 INFO com.ciandt.summit.bootcamp2022.controllers.MusicController [main] Returning the musics list
2022-09-07 19:33:34,135 INFO com.ciandt.summit.bootcamp2022.controllers.MusicController [main] Searching musics list
2022-09-07 19:33:34,149 INFO com.ciandt.summit.bootcamp2022.controllers.MusicController [main] Searching musics list
2022-09-07 19:33:34,151 INFO com.ciandt.summit.bootcamp2022.controllers.MusicController [main] Returning the musics list
2022-09-07 19:33:34,161 INFO com.ciandt.summit.bootcamp2022.controllers.MusicController [main] Searching musics list
2022-09-07 19:33:34,173 INFO org.springframework.test.context.support.AbstractTestContextBootstrapper [main] Neither @ContextConfiguration nor @ContextHierarchy found for test class [com.ciandt.summit.bootcamp2022.controllers.PlaylistControllerTest], using SpringBootContextLoader
2022-09-07 19:33:34,175 INFO org.springframework.test.context.support.AbstractContextLoader [main] Could not detect default resource locations for test class [com.ciandt.summit.bootcamp2022.controllers.PlaylistControllerTest]: no resource found for suffixes {-context.xml, Context.groovy}.
2022-09-07 19:33:34,175 INFO org.springframework.test.context.support.AnnotationConfigContextLoaderUtils [main] Could not detect default configuration classes for test class [com.ciandt.summit.bootcamp2022.controllers.PlaylistControllerTest]: PlaylistControllerTest does not declare any static, non-private, non-final, nested classes annotated with @Configuration.
2022-09-07 19:33:34,178 INFO org.springframework.boot.test.context.SpringBootTestContextBootstrapper [main] Found @SpringBootConfiguration com.ciandt.summit.bootcamp2022.SummitBootcampApplication for test class com.ciandt.summit.bootcamp2022.controllers.PlaylistControllerTest
2022-09-07 19:33:34,179 INFO org.springframework.test.context.support.AbstractTestContextBootstrapper [main] Loaded default TestExecutionListener class names from location [META-INF/spring.factories]: [org.springframework.boot.test.mock.mockito.MockitoTestExecutionListener, org.springframework.boot.test.mock.mockito.ResetMocksTestExecutionListener, org.springframework.boot.test.autoconfigure.restdocs.RestDocsTestExecutionListener, org.springframework.boot.test.autoconfigure.web.client.MockRestServiceServerResetTestExecutionListener, org.springframework.boot.test.autoconfigure.web.servlet.MockMvcPrintOnlyOnFailureTestExecutionListener, org.springframework.boot.test.autoconfigure.web.servlet.WebDriverTestExecutionListener, org.springframework.boot.test.autoconfigure.webservices.client.MockWebServiceServerTestExecutionListener, org.springframework.test.context.web.ServletTestExecutionListener, org.springframework.test.context.support.DirtiesContextBeforeModesTestExecutionListener, org.springframework.test.context.event.ApplicationEventsTestExecutionListener, org.springframework.test.context.support.DependencyInjectionTestExecutionListener, org.springframework.test.context.support.DirtiesContextTestExecutionListener, org.springframework.test.context.transaction.TransactionalTestExecutionListener, org.springframework.test.context.jdbc.SqlScriptsTestExecutionListener, org.springframework.test.context.event.EventPublishingTestExecutionListener]
2022-09-07 19:33:34,180 INFO org.springframework.test.context.support.AbstractTestContextBootstrapper [main] Using TestExecutionListeners: [org.springframework.test.context.web.ServletTestExecutionListener@f04b408, org.springframework.test.context.support.DirtiesContextBeforeModesTestExecutionListener@268e3a6a, org.springframework.test.context.event.ApplicationEventsTestExecutionListener@374baba3, org.springframework.boot.test.mock.mockito.MockitoTestExecutionListener@32720ef6, org.springframework.boot.test.autoconfigure.SpringBootDependencyInjectionTestExecutionListener@187c5844, org.springframework.test.context.support.DirtiesContextTestExecutionListener@4ff67c4b, org.springframework.test.context.transaction.TransactionalTestExecutionListener@258ad0a5, org.springframework.test.context.jdbc.SqlScriptsTestExecutionListener@72d6f5c, org.springframework.test.context.event.EventPublishingTestExecutionListener@7de9b985, org.springframework.boot.test.mock.mockito.ResetMocksTestExecutionListener@1019657, org.springframework.boot.test.autoconfigure.restdocs.RestDocsTestExecutionListener@727d612a, org.springframework.boot.test.autoconfigure.web.client.MockRestServiceServerResetTestExecutionListener@1ec6b7b6, org.springframework.boot.test.autoconfigure.web.servlet.MockMvcPrintOnlyOnFailureTestExecutionListener@2e53107a, org.springframework.boot.test.autoconfigure.web.servlet.WebDriverTestExecutionListener@23ed88c9, org.springframework.boot.test.autoconfigure.webservices.client.MockWebServiceServerTestExecutionListener@3a00c9af]
2022-09-07 19:33:34,205 INFO org.springframework.boot.StartupInfoLogger [main] Starting PlaylistControllerTest using Java 11.0.16 on lnb028469cps with PID 857533 (started by CIANDT\vbotelho in /home/vbotelho/Documentos/projetosEclipse/Projeto-MyMusic/projetct-myMusic-toTal/MyMusic)
2022-09-07 19:33:34,206 INFO org.springframework.boot.SpringApplication [main] No active profile set, falling back to default profiles: default
2022-09-07 19:33:34,579 INFO springfox.documentation.spring.web.PropertySourcedRequestMappingHandlerMapping [main] Mapped URL path [/v2/api-docs] onto method [springfox.documentation.swagger2.web.Swagger2Controller#getDocumentation(String, HttpServletRequest)]
2022-09-07 19:33:34,722 INFO org.springframework.mock.web.MockServletContext [main] Initializing Spring TestDispatcherServlet ''
2022-09-07 19:33:34,722 INFO org.springframework.web.servlet.FrameworkServlet [main] Initializing Servlet ''
2022-09-07 19:33:34,723 INFO org.springframework.web.servlet.FrameworkServlet [main] Completed initialization in 1 ms
2022-09-07 19:33:34,739 INFO springfox.documentation.spring.web.plugins.DocumentationPluginsBootstrapper [main] Context refreshed
2022-09-07 19:33:34,739 INFO springfox.documentation.spring.web.plugins.DocumentationPluginsBootstrapper [main] Found 1 custom documentation plugin(s)
2022-09-07 19:33:34,743 INFO springfox.documentation.spring.web.scanners.ApiListingReferenceScanner [main] Scanning for api listing references
2022-09-07 19:33:34,765 INFO org.springframework.boot.StartupInfoLogger [main] Started PlaylistControllerTest in 0.582 seconds (JVM running for 10.974)
2022-09-07 19:33:34,855 INFO com.ciandt.summit.bootcamp2022.controllers.PlaylistController [main] Adding Music to Playlist
2022-09-07 19:33:34,871 INFO com.ciandt.summit.bootcamp2022.controllers.PlaylistController [main] Adding Music to Playlist
2022-09-07 19:33:34,880 INFO com.ciandt.summit.bootcamp2022.controllers.PlaylistController [main] Adding Music to Playlist
2022-09-07 19:33:34,881 INFO com.ciandt.summit.bootcamp2022.controllers.PlaylistController [main] the song has been added to the playlist
2022-09-07 19:33:34,889 INFO org.springframework.test.context.support.AbstractTestContextBootstrapper [main] Neither @ContextConfiguration nor @ContextHierarchy found for test class [com.ciandt.summit.bootcamp2022.SummitBootcampApplicationTest], using SpringBootContextLoader
2022-09-07 19:33:34,891 INFO org.springframework.test.context.support.AbstractContextLoader [main] Could not detect default resource locations for test class [com.ciandt.summit.bootcamp2022.SummitBootcampApplicationTest]: no resource found for suffixes {-context.xml, Context.groovy}.
2022-09-07 19:33:34,891 INFO org.springframework.test.context.support.AnnotationConfigContextLoaderUtils [main] Could not detect default configuration classes for test class [com.ciandt.summit.bootcamp2022.SummitBootcampApplicationTest]: SummitBootcampApplicationTest does not declare any static, non-private, non-final, nested classes annotated with @Configuration.
2022-09-07 19:33:34,895 INFO org.springframework.boot.test.context.SpringBootTestContextBootstrapper [main] Found @SpringBootConfiguration com.ciandt.summit.bootcamp2022.SummitBootcampApplication for test class com.ciandt.summit.bootcamp2022.SummitBootcampApplicationTest
2022-09-07 19:33:34,896 INFO org.springframework.test.context.support.AbstractTestContextBootstrapper [main] Loaded default TestExecutionListener class names from location [META-INF/spring.factories]: [org.springframework.boot.test.mock.mockito.MockitoTestExecutionListener, org.springframework.boot.test.mock.mockito.ResetMocksTestExecutionListener, org.springframework.boot.test.autoconfigure.restdocs.RestDocsTestExecutionListener, org.springframework.boot.test.autoconfigure.web.client.MockRestServiceServerResetTestExecutionListener, org.springframework.boot.test.autoconfigure.web.servlet.MockMvcPrintOnlyOnFailureTestExecutionListener, org.springframework.boot.test.autoconfigure.web.servlet.WebDriverTestExecutionListener, org.springframework.boot.test.autoconfigure.webservices.client.MockWebServiceServerTestExecutionListener, org.springframework.test.context.web.ServletTestExecutionListener, org.springframework.test.context.support.DirtiesContextBeforeModesTestExecutionListener, org.springframework.test.context.event.ApplicationEventsTestExecutionListener, org.springframework.test.context.support.DependencyInjectionTestExecutionListener, org.springframework.test.context.support.DirtiesContextTestExecutionListener, org.springframework.test.context.transaction.TransactionalTestExecutionListener, org.springframework.test.context.jdbc.SqlScriptsTestExecutionListener, org.springframework.test.context.event.EventPublishingTestExecutionListener]
2022-09-07 19:33:34,897 INFO org.springframework.test.context.support.AbstractTestContextBootstrapper [main] Using TestExecutionListeners: [org.springframework.test.context.web.ServletTestExecutionListener@184e758f, org.springframework.test.context.support.DirtiesContextBeforeModesTestExecutionListener@198a9243, org.springframework.test.context.event.ApplicationEventsTestExecutionListener@795dfc20, org.springframework.boot.test.mock.mockito.MockitoTestExecutionListener@1594c502, org.springframework.boot.test.autoconfigure.SpringBootDependencyInjectionTestExecutionListener@7e9d3832, org.springframework.test.context.support.DirtiesContextTestExecutionListener@33c8a528, org.springframework.test.context.transaction.TransactionalTestExecutionListener@2562e38d, org.springframework.test.context.jdbc.SqlScriptsTestExecutionListener@16ed8ef6, org.springframework.test.context.event.EventPublishingTestExecutionListener@12678b1, org.springframework.boot.test.mock.mockito.ResetMocksTestExecutionListener@77b16c58, org.springframework.boot.test.autoconfigure.restdocs.RestDocsTestExecutionListener@45fd87a8, org.springframework.boot.test.autoconfigure.web.client.MockRestServiceServerResetTestExecutionListener@3f1d3bdf, org.springframework.boot.test.autoconfigure.web.servlet.MockMvcPrintOnlyOnFailureTestExecutionListener@d4c3f7d, org.springframework.boot.test.autoconfigure.web.servlet.WebDriverTestExecutionListener@71e34120, org.springframework.boot.test.autoconfigure.webservices.client.MockWebServiceServerTestExecutionListener@580a4873]
2022-09-07 19:33:34,922 INFO org.springframework.orm.jpa.AbstractEntityManagerFactoryBean [SpringApplicationShutdownHook] Closing JPA EntityManagerFactory for persistence unit 'default'
2022-09-07 19:33:34,928 INFO org.springframework.orm.jpa.AbstractEntityManagerFactoryBean [SpringApplicationShutdownHook] Closing JPA EntityManagerFactory for persistence unit 'default'
2022-09-07 19:33:34,933 INFO org.springframework.orm.jpa.AbstractEntityManagerFactoryBean [SpringApplicationShutdownHook] Closing JPA EntityManagerFactory for persistence unit 'default'
